<?xml version="1.0" encoding="UTF-8"?>
<testng-results skipped="0" failed="0" ignored="0" total="0" passed="0">
  <reporter-output>
  </reporter-output>
  <suite name="Default suite" duration-ms="3602" started-at="2022-01-20T07:19:09 EST" finished-at="2022-01-20T07:19:12 EST">
    <groups>
    </groups>
    <test name="Default test" duration-ms="3602" started-at="2022-01-20T07:19:09 EST" finished-at="2022-01-20T07:19:12 EST">
      <class name="Testcases.assginment">
        <test-method status="PASS" signature="launchBrowser()[pri:0, instance:Testcases.assginment@78e67e0a]" name="launchBrowser" is-config="true" duration-ms="2837" started-at="2022-01-20T07:19:09 EST" finished-at="2022-01-20T07:19:12 EST">
          <reporter-output>
          </reporter-output>
        </test-method> <!-- launchBrowser -->
        <test-method status="PASS" signature="closebrower()[pri:0, instance:Testcases.assginment@78e67e0a]" name="closebrower" is-config="true" duration-ms="746" started-at="2022-01-20T07:19:12 EST" finished-at="2022-01-20T07:19:12 EST">
          <reporter-output>
          </reporter-output>
        </test-method> <!-- closebrower -->
      </class> <!-- Testcases.assginment -->
    </test> <!-- Default test -->
  </suite> <!-- Default suite -->
</testng-results>
