<?xml version="1.0" encoding="UTF-8"?>
<!-- Generated by org.testng.reporters.JUnitReportReporter -->
<testsuite skipped="0" hostname="DESKTOP-AP504LA" name="Testcases.assginment" tests="5" failures="0" timestamp="2022-01-20T06:34:55 EST" time="40.681" errors="0">
  <testcase name="links" time="1.812" classname="Testcases.assginment"/>
  <system-out/>
  <testcase name="print" time="6.746" classname="Testcases.assginment"/>
  <system-out>
    <![CDATA[Online Shopping site in India: Shop Online for Mobiles, Books, Watches, Shoes and More - Amazon.in
https://www.amazon.in/
<html lang="en-in" class="a-ws a-js a-audio a-video a-canvas a-svg a-drag-drop a-geolocation a-history a-webworker a-autofocus a-input-placeholder a-textarea-placeholder a-local-storage a-gradients a-transform3d a-touch-scrolling a-text-shadow a-text-stroke a-box-shadow a-border-radius a-border-image a-opacity a-transform a-transition null" data-19ax5a9jf="dingo" data-aui-build-date="3.21.9-2022-01-15" data-useragent="Mozilla/5.0 (Windows NT 10.0; Win64; x64) AppleWebKit/537.36 (KHTML, like Gecko) Chrome/97.0.4692.71 Safari/537.36" data-platform="Win32"><!-- sp:feature:head-start --><head><script async="" src="https://c.amazon-adsystem.com/bao-csm/forensics/a9-tq-forensics-incremental.min.js" crossorigin="anonymous"></script><script async="" src="https://images-eu.ssl-images-amazon.com/images/I/31YXrY93hfL.js" crossorigin="anonymous"></script><script>var aPageStart = (new Date()).getTime();</script><meta charset="utf-8">
<!-- sp:end-feature:head-start -->

<script type="text/javascript">var ue_t0=ue_t0||+new Date();</script>
<!-- sp:feature:cs-optimization -->
<meta http-equiv="x-dns-prefetch-control" content="on">
<link rel="dns-prefetch" href="https://images-eu.ssl-images-amazon.com">
<link rel="dns-prefetch" href="https://m.media-amazon.com">
<link rel="dns-prefetch" href="https://completion.amazon.com">
<!-- sp:end-feature:cs-optimization -->
<script type="text/javascript">
window.ue_ihb = (window.ue_ihb || window.ueinit || 0) + 1;
if (window.ue_ihb === 1) {

var ue_csm = window,
    ue_hob = +new Date();
(function(d){var e=d.ue=d.ue||{},f=Date.now||function(){return+new Date};e.d=function(b){return f()-(b?0:d.ue_t0)};e.stub=function(b,a){if(!b[a]){var c=[];b[a]=function(){c.push([c.slice.call(arguments),e.d(),d.ue_id])};b[a].replay=function(b){for(var a;a=c.shift();)b(a[0],a[1],a[2])};b[a].isStub=1}};e.exec=function(b,a){return function(){try{return b.apply(this,arguments)}catch(c){ueLogError(c,{attribution:a||"undefined",logLevel:"WARN"})}}}})(ue_csm);


    var ue_err_chan = 'jserr-rw';
(function(d,e){function h(f,b){if(!(a.ec>a.mxe)&&f){a.ter.push(f);b=b||{};var c=f.logLevel||b.logLevel;c&&c!==k&&c!==m&&c!==n&&c!==p||a.ec++;c&&c!=k||a.ecf++;b.pageURL=""+(e.location?e.location.href:"");b.logLevel=c;b.attribution=f.attribution||b.attribution;a.erl.push({ex:f,info:b})}}function l(a,b,c,e,g){d.ueLogError({m:a,f:b,l:c,c:""+e,err:g,fromOnError:1,args:arguments},g?{attribution:g.attribution,logLevel:g.logLevel}:void 0);return!1}var k="FATAL",m="ERROR",n="WARN",p="DOWNGRADED",a={ec:0,ecf:0,
pec:0,ts:0,erl:[],ter:[],mxe:50,startTimer:function(){a.ts++;setInterval(function(){d.ue&&a.pec<a.ec&&d.uex("at");a.pec=a.ec},1E4)}};l.skipTrace=1;h.skipTrace=1;h.isStub=1;d.ueLogError=h;d.ue_err=a;e.onerror=l})(ue_csm,window);


var ue_id = 'BHPJXCXEQ08Q3G08SG3Z',
    ue_url = '/rd/uedata',
    ue_navtiming = 1,
    ue_mid = 'A21TJRUUN4KGV',
    ue_sid = '262-1911976-2471830',
    ue_sn = 'www.amazon.in',
    ue_furl = 'fls-eu.amazon.in',
    ue_surl = 'https://unagi-eu.amazon.com/1/events/com.amazon.csm.nexusclient.prod',
    ue_int = 0,
    ue_fcsn = 1,
    ue_urt = 3,
    ue_rpl_ns = 'cel-rpl',
    ue_ddq = 1,
    ue_fpf = '//fls-eu.amazon.in/1/batch/1/OP/A21TJRUUN4KGV:262-1911976-2471830:BHPJXCXEQ08Q3G08SG3Z$uedata=s:',
    ue_sbuimp = 1,
    ue_cel_lclia = 1,
    ue_ibft = 0,
    ue_sswmts = 0,
    ue_jsmtf = 0,
    ue_fnt = 0,

    ue_swi = 1;
var ue_viz=function(){(function(b,e,a){function k(c){if(b.ue.viz.length<p&&!l){var a=c.type;c=c.originalEvent;/^focus./.test(a)&&c&&(c.toElement||c.fromElement||c.relatedTarget)||(a=e[m]||("blur"==a||"focusout"==a?"hidden":"visible"),b.ue.viz.push(a+":"+(+new Date-b.ue.t0)),"visible"==a&&(b.ue.isl&&q("at"),l=1))}}for(var l=0,q=b.uex,f,g,m,n=["","webkit","o","ms","moz"],d=0,p=20,h=0;h<n.length&&!d;h++)if(a=n[h],f=(a?a+"H":"h")+"idden",d="boolean"==typeof e[f])g=a+"visibilitychange",m=(a?a+"V":"v")+
"isibilityState";k({});d&&e.addEventListener(g,k,0);b.ue&&d&&(b.ue.pageViz={event:g,propHid:f})})(ue_csm,ue_csm.document,ue_csm.window)};

(function(d,h,N){function H(a){return a&&a.replace&&a.replace(/^\s+|\s+$/g,"")}function u(a){return"undefined"===typeof a}function B(a,b){for(var c in b)b[v](c)&&(a[c]=b[c])}function I(a){try{var b=N.cookie.match(RegExp("(^| )"+a+"=([^;]+)"));if(b)return b[2].trim()}catch(c){}}function O(m,b,c){var q=(x||{}).type;if("device"!==c||2!==q&&1!==q)m&&(d.ue_id=a.id=a.rid=m,w&&(w=w.replace(/((.*?:){2})(\w+)/,function(a,b){return b+m})),D&&(e("id",D,m),D=0)),b&&(w&&(w=w.replace(/(.*?:)(\w|-)+/,function(a,
c){return c+b})),d.ue_sid=b),c&&a.tag("page-source:"+c),d.ue_fpf=w}function P(){var a={};return function(b){b&&(a[b]=1);b=[];for(var c in a)a[v](c)&&b.push(c);return b}}function y(d,b,c,q){q=q||+new E;var f,l;if(b||u(c)){if(d)for(l in f=b?e("t",b)||e("t",b,{}):a.t,f[d]=q,c)c[v](l)&&e(l,b,c[l]);return q}}function e(d,b,c){var e=b&&b!=a.id?a.sc[b]:a;e||(e=a.sc[b]={});"id"===d&&c&&(Q=1);return e[d]=c||e[d]}function R(d,b,c,e,f){c="on"+c;var l=b[c];"function"===typeof l?d&&(a.h[d]=l):l=function(){};b[c]=
function(a){f?(e(a),l(a)):(l(a),e(a))};b[c]&&(b[c].isUeh=1)}function S(m,b,c,q){function p(b,c){var d=[b],g=0,f={},l,h;c?(d.push("m=1"),f[c]=1):f=a.sc;for(h in f)if(f[v](h)){var q=e("wb",h),p=e("t",h)||{},n=e("t0",h)||a.t0,k;if(c||2==q){q=q?g++:"";d.push("sc"+q+"="+h);for(k in p)u(p[k])||null===p[k]||d.push(k+q+"="+(p[k]-n));d.push("t"+q+"="+p[m]);if(e("ctb",h)||e("wb",h))l=1}}!J&&l&&d.push("ctb=1");return d.join("&")}function l(b,c,g,e){if(b){var f=d.ue_err;d.ue_url&&!e&&b&&0<b.length&&(e=new Image,
a.iel.push(e),e.src=b,a.count&&a.count("postbackImageSize",b.length));if(w){var m=h.encodeURIComponent;m&&b&&(e=new Image,b=""+d.ue_fpf+m(b)+":"+(+new E-d.ue_t0),a.iel.push(e),e.src=b)}else a.log&&(a.log(b,"uedata",{n:1}),a.ielf.push(b));f&&!f.ts&&f.startTimer();a.b&&(f=a.b,a.b="",l(f,c,g,1))}}function A(b){var c=x?x.type:F,d=2==c||a.isBFonMshop,c=c&&!d,e=a.bfini;Q||(e&&1<e&&(b+="&bfform=1",c||(a.isBFT=e-1)),d&&(b+="&bfnt=1",a.isBFT=a.isBFT||1),a.ssw&&a.isBFT&&(a.isBFonMshop&&(a.isNRBF=0),u(a.isNRBF)&&
(d=a.ssw(a.oid),d.e||u(d.val)||(a.isNRBF=1<d.val?0:1)),u(a.isNRBF)||(b+="&nrbf="+a.isNRBF)),a.isBFT&&!a.isNRBF&&(b+="&bft="+a.isBFT));return b}if(!a.paused&&(b||u(c))){for(var k in c)c[v](k)&&e(k,b,c[k]);a.isBFonMshop||y("pc",b,c);k="ld"===m&&b&&e("wb",b);var s=e("id",b)||a.id;k||s===a.oid||(D=b,ba(s,(e("t",b)||{}).tc||+e("t0",b),+e("t0",b)));var s=e("id",b)||a.id,t=e("id2",b),g=a.url+"?"+m+"&v="+a.v+"&id="+s,J=e("ctb",b)||e("wb",b),z;J&&(g+="&ctb="+J);t&&(g+="&id2="+t);1<d.ueinit&&(g+="&ic="+d.ueinit);
if(!("ld"!=m&&"ul"!=m||b&&b!=s)){if("ld"==m){try{h[K]&&h[K].isUeh&&(h[K]=null)}catch(I){}if(h.chrome)for(t=0;t<L.length;t++)T(G,L[t]);(t=N.ue_backdetect)&&t.ue_back&&t.ue_back.value++;d._uess&&(z=d._uess());a.isl=1}a._bf&&(g+="&bf="+a._bf());d.ue_navtiming&&f&&(e("ctb",s,"1"),a.isBFonMshop||y("tc",F,F,M));!C||a.isBFonMshop||U||(f&&B(a.t,{na_:f.navigationStart,ul_:f.unloadEventStart,_ul:f.unloadEventEnd,rd_:f.redirectStart,_rd:f.redirectEnd,fe_:f.fetchStart,lk_:f.domainLookupStart,_lk:f.domainLookupEnd,
co_:f.connectStart,_co:f.connectEnd,sc_:f.secureConnectionStart,rq_:f.requestStart,rs_:f.responseStart,_rs:f.responseEnd,dl_:f.domLoading,di_:f.domInteractive,de_:f.domContentLoadedEventStart,_de:f.domContentLoadedEventEnd,_dc:f.domComplete,ld_:f.loadEventStart,_ld:f.loadEventEnd,ntd:("function"!==typeof C.now||u(M)?0:new E(M+C.now())-new E)+a.t0}),x&&B(a.t,{ty:x.type+a.t0,rc:x.redirectCount+a.t0}),U=1);a.isBFonMshop||B(a.t,{hob:d.ue_hob,hoe:d.ue_hoe});a.ifr&&(g+="&ifr=1")}y(m,b,c,q);var r,n;k||b&&
b!==s||ca(b);(c=d.ue_mbl)&&c.cnt&&!k&&(g+=c.cnt());k?e("wb",b,2):"ld"==m&&(a.lid=H(s));for(r in a.sc)if(1==e("wb",r))break;if(k){if(a.s)return;g=p(g,null)}else c=p(g,null),c!=g&&(c=A(c),a.b=c),z&&(g+=z),g=p(g,b||a.id);g=A(g);if(a.b||k)for(r in a.sc)2==e("wb",r)&&delete a.sc[r];z=0;a._rt&&(g+="&rt="+a._rt());c=h.csa;if(!k&&c)for(n in r=e("t",b)||{},c=c("PageTiming"),r)r[v](n)&&c("mark",da[n]||n,r[n]);k||(a.s=0,(n=d.ue_err)&&0<n.ec&&n.pec<n.ec&&(n.pec=n.ec,g+="&ec="+n.ec+"&ecf="+n.ecf),z=e("ctb",b),
"ld"!==m||b||a.markers?a.markers&&a.isl&&!k&&b&&B(a.markers,e("t",b)):(a.markers={},B(a.markers,e("t",b))),e("t",b,{}));a.tag&&a.tag().length&&(g+="&csmtags="+a.tag().join("|"),a.tag=P());n=a.viz||[];(r=n.length)&&(g+="&viz="+n.splice(0,r).join("|"));u(d.ue_pty)||(g+="&pty="+d.ue_pty+"&spty="+d.ue_spty+"&pti="+d.ue_pti);a.tabid&&(g+="&tid="+a.tabid);a.aftb&&(g+="&aftb=1");!a._ui||b&&b!=s||(g+=a._ui());a.a=g;l(g,m,z,k)}}function ca(a){var b=h.ue_csm_markers||{},c;for(c in b)b[v](c)&&y(c,a,F,b[c])}
function A(a,b,c){c=c||h;if(c[V])c[V](a,b,!1);else if(c[W])c[W]("on"+a,b)}function T(a,b,c){c=c||h;if(c[X])c[X](a,b,!1);else if(c[Y])c[Y]("on"+a,b)}function Z(){function a(){d.onUl()}function b(a){return function(){c[a]||(c[a]=1,S(a))}}var c={},e,f;d.onLd=b("ld");d.onLdEnd=b("ld");d.onUl=b("ul");e={stop:b("os")};h.chrome?(A(G,a),L.push(a)):e[G]=d.onUl;for(f in e)e[v](f)&&R(0,h,f,e[f]);d.ue_viz&&ue_viz();A("load",d.onLd);y("ue")}function ba(e,b,c){var f=d.ue_mbl,p=h.csa,l=p&&p("SPA"),p=p&&p("PageTiming");
f&&f.ajax&&f.ajax(b,c);l&&p&&(l("newPage",{requestId:e,transitionType:"soft"}),p("mark","transitionStart",b));a.tag("ajax-transition")}d.ueinit=(d.ueinit||0)+1;var a=d.ue=d.ue||{};a.t0=h.aPageStart||d.ue_t0;a.id=d.ue_id;a.url=d.ue_url;a.rid=d.ue_id;a.a="";a.b="";a.h={};a.s=1;a.t={};a.sc={};a.iel=[];a.ielf=[];a.viz=[];a.v="0.221857.0";a.paused=!1;var v="hasOwnProperty",G="beforeunload",K="on"+G,V="addEventListener",X="removeEventListener",W="attachEvent",Y="detachEvent",da={cf:"criticalFeature",af:"aboveTheFold",
fn:"functional",fp:"firstPaint",fcp:"firstContentfulPaint",bb:"bodyBegin",be:"bodyEnd",ld:"loaded"},E=h.Date,C=h.performance||h.webkitPerformance,f=(C||{}).timing,x=(C||{}).navigation,M=(f||{}).navigationStart,w=d.ue_fpf,Q=0,U=0,L=[],D=0,F;a.oid=H(a.id);a.lid=H(a.id);a._t0=a.t0;a.tag=P();a.ifr=h.top!==h.self||h.frameElement?1:0;a.markers=null;a.attach=A;a.detach=T;if("000-0000000-8675309"===d.ue_sid){var $=I("cdn-rid"),aa=I("session-id");$&&aa&&O($,aa,"cdn")}d.uei=Z;d.ueh=R;d.ues=e;d.uet=y;d.uex=
S;a.reset=O;a.pause=function(d){a.paused=d};Z()})(ue_csm,ue_csm.window,ue_csm.document);


ue.stub(ue,"event");ue.stub(ue,"onSushiUnload");ue.stub(ue,"onSushiFlush");

ue.stub(ue,"log");ue.stub(ue,"onunload");ue.stub(ue,"onflush");
(function(c){var a=c.ue;a.cv={};a.cv.scopes={};a.count=function(d,c,b){var e={},f=a.cv,g=b&&0===b.c;e.counter=d;e.value=c;e.t=a.d();b&&b.scope&&(f=a.cv.scopes[b.scope]=a.cv.scopes[b.scope]||{},e.scope=b.scope);if(void 0===c)return f[d];f[d]=c;d=0;b&&b.bf&&(d=1);ue_csm.ue_sclog||!a.clog||0!==d||g?a.log&&a.log(e,"csmcount",{c:1,bf:d}):a.clog(e,"csmcount",{bf:d})};a.count("baselineCounter2",1);a&&a.event&&(a.event({requestId:c.ue_id||"rid",server:c.ue_sn||"sn",obfuscatedMarketplaceId:c.ue_mid||"mid"},
"csm","csm.CSMBaselineEvent.4"),a.count("nexusBaselineCounter",1,{bf:1}))})(ue_csm);



var ue_hoe = +new Date();
}
window.ueinit = window.ue_ihb;
</script>

<!-- 1n2brx4wxgou5 -->
<script>window.ue && ue.count && ue.count('CSMLibrarySize', 9667)</script>
<!-- sp:feature:aui-assets -->
<link rel="stylesheet" href="https://images-eu.ssl-images-amazon.com/images/I/11EIQ5IGqaL._RC|01ZTHTZObnL.css,41wZkyTaWoL.css,31Y8m1dzTdL.css,013z33uKh2L.css,017DsKjNQJL.css,0131vqwP5UL.css,41EWOOlBJ9L.css,11TIuySqr6L.css,01ElnPiDxWL.css,11bGSgD5pDL.css,01Dm5eKVxwL.css,01IdKcBuAdL.css,01y-XAlI+2L.css,21N4kUH7pxL.css,01oDR3IULNL.css,41CYNGpGlrL.css,01XPHJk60-L.css,114y0SIP+yL.css,21aPhFy+riL.css,11gneA3MtJL.css,21fecG8pUzL.css,01ulGzBW88L.css,01CFUgsA-YL.css,31C80IiXalL.css,11qour3ND0L.css,11gKCCKQV+L.css,11061HxnEvL.css,11oHt2HYxnL.css,013RDhw9hoL.css,11JQtnL-6eL.css,116v6uYvN6L.css,11jtXRmppwL.css,01QrWuRrZ-L.css,21zuRztKjtL.css,11QyqG8yiqL.css,11K24eOJg4L.css,11F2+OBzLyL.css,01890+Vwk8L.css,11Y05DTEL6L.css,01cbS3UK11L.css,21F85am0yFL.css,01giMEP+djL.css_.css?AUIClients/AmazonUI#page_type-Gateway.not-trident">
<script>
(function(d,f,Q,D){function E(a){u&&u.tag&&u.tag(p(":","aui",a))}function r(a,b){u&&u.count&&u.count("aui:"+a,0===b?0:b||(u.count("aui:"+a)||0)+1)}function n(a){try{return a.test(navigator.userAgent)}catch(b){return!1}}function x(a,b,c){a.addEventListener?a.addEventListener(b,c,!1):a.attachEvent&&a.attachEvent("on"+b,c)}function p(a,b,c,h){b=b&&c?b+a+c:b||c;return h?p(a,b,h):b}function F(a,b,c){try{Object.defineProperty(a,b,{value:c,writable:!1})}catch(h){a[b]=c}return c}function wa(a,b,c){var h=
c=a.length,d=function(){h--||(R.push(b),S||(setTimeout(ea,0),S=!0))};for(d();c--;)fa[a[c]]?d():(y[a[c]]=y[a[c]]||[]).push(d)}function xa(a,b,c,h,d){var e=f.createElement(a?"script":"link");x(e,"error",h);d&&x(e,"load",d);a?(e.type="text/javascript",e.async=!0,c&&/AUIClients|images[/]I/.test(b)&&e.setAttribute("crossorigin","anonymous"),e.src=b):(e.rel="stylesheet",e.href=b);f.getElementsByTagName("head")[0].appendChild(e)}function ha(a,b){return function(c,h){function G(){xa(b,c,e,function(b){T?r("resource_unload"):
e?(e=!1,r("resource_retry"),G()):(r("resource_error"),a.log("Asset failed to load: "+c));b&&b.stopPropagation?b.stopPropagation():d.event&&(d.event.cancelBubble=!0)},h)}if(ia[c])return!1;ia[c]=!0;r("resource_count");var e=!0;return!G()}}function ya(a,b,c){for(var h={name:a,guard:function(c){return b.guardFatal(a,c)},guardTime:function(a){return b.guardTime(a)},logError:function(c,e,d){b.logError(c,e,d,a)}},d=[],e=0;e<c.length;e++)H.hasOwnProperty(c[e])&&(d[e]=U.hasOwnProperty(c[e])?U[c[e]](H[c[e]],
h):H[c[e]]);return d}function z(a,b,c,h,G){return function(e,f){function k(){var a=null;h?a=f:"function"===typeof f&&(n.start=v(),a=f.apply(d,ya(e,g,l)),n.end=v());if(b){H[e]=a;a=e;for(fa[a]=!0;(y[a]||[]).length;)y[a].shift()();delete y[a]}n.done=!0}var g=G||this;"function"===typeof e&&(f=e,e=D);b&&(e=e?e.replace(ja,""):"__NONAME__",V.hasOwnProperty(e)&&g.error(p(", reregistered by ",p(" by ",e+" already registered",V[e]),g.attribution),e),V[e]=g.attribution);for(var l=[],m=0;m<a.length;m++)l[m]=
a[m].replace(ja,"");var n=A[e||"anon"+ ++za]={depend:l,registered:v(),namespace:g.namespace};e&&Aa.hasOwnProperty(e);c?k():wa(l,g.guardFatal(e,k),e);return{decorate:function(a){U[e]=g.guardFatal(e,a)}}}}function ka(a){return function(){var b=Array.prototype.slice.call(arguments);return{execute:z(b,!1,a,!1,this),register:z(b,!0,a,!1,this)}}}function W(a,b){return function(c,d){d||(d=c,c=D);var h=this.attribution;return function(){t.push(b||{attribution:h,name:c,logLevel:a});var e=d.apply(this,arguments);
t.pop();return e}}}function I(a,b){this.load={js:ha(this,!0),css:ha(this)};F(this,"namespace",b);F(this,"attribution",a)}function la(){f.body?q.trigger("a-bodyBegin"):setTimeout(la,20)}function B(a,b){a.className=X(a,b)+" "+b}function X(a,b){return(" "+a.className+" ").split(" "+b+" ").join(" ").replace(/^ | $/g,"")}function ma(a){try{return a()}catch(b){return!1}}function Y(a){return d.matchMedia?d.matchMedia(a):{matches:!1}}function J(){if(K){var a=k.mobile||k.tablet?Z.matches&&L.matches:L.matches;
if(na!==a){var b={w:d.innerWidth||g.clientWidth,h:d.innerHeight||g.clientHeight};if(17<Math.abs(aa.w-b.w)||50<Math.abs(aa.h-b.h))aa=b,(na=a)?B(g,"a-ws"):g.className=X(g,"a-ws")}}}function Ba(a){(K=a===D?!K:!!a)&&J()}function Ca(){return K}function oa(){C.forEach(function(a){E(a)})}function pa(a,b,c){if(b){a=n(/Chrome/i)&&!n(/Edge/i)&&!n(/OPR/i)&&!a.capabilities.isAmazonApp&&!n(new RegExp(ba+"bwv"+ba+"b"));var d="sw:browser:"+c+":";b.browser&&a&&(C.push(d+"supported"),b.browser.action(d,c));!a&&b.browser&&
C.push(d+"unsupported")}}"use strict";var M=Q.now=Q.now||function(){return+new Q},v=function(a){return a&&a.now?a.now.bind(a):M}(d.performance),N=v(),Aa={},l=d.AmazonUIPageJS||d.P;if(l&&l.when&&l.register){N=[];for(var m=f.currentScript;m;m=m.parentElement)m.id&&N.push(m.id);return l.log("A copy of P has already been loaded on this page.","FATAL",N.join(" "))}var u=d.ue;E();E("aui_build_date:3.21.9-2022-01-15");var R=[],Da=[],S=!1;var ea=function(){for(var a=setTimeout(ea,0),b=M();Da.length||R.length;)if(R.shift()(),
50<M()-b)return;clearTimeout(a);S=!1};var fa={},y={},ia={},T=!1;x(d,"beforeunload",function(){T=!0;setTimeout(function(){T=!1},1E4)});var ja=/^prv:/,V={},H={},U={},A={},za=0,ba=String.fromCharCode(92),t=[],qa=!0,ra=d.onerror;d.onerror=function(a,b,c,h,f){f&&"object"===typeof f||(f=Error(a,b,c),f.columnNumber=h,f.stack=b||c||h?p(ba,f.message,"at "+p(":",b,c,h)):D);var e=t.pop()||{};f.attribution=p(":",f.attribution||e.attribution,e.name);f.logLevel=e.logLevel;f.attribution&&console&&console.log&&console.log([f.logLevel||
"ERROR",a,"thrown by",f.attribution].join(" "));t=[];ra&&(e=[].slice.call(arguments),e[4]=f,ra.apply(d,e))};I.prototype={logError:function(a,b,c,f){b={message:b,logLevel:c||"ERROR",attribution:p(":",this.attribution,f)};if(d.ueLogError)return d.ueLogError(a||b,a?b:null),!0;console&&console.error&&(console.log(b),console.error(a));return!1},error:function(a,b,c,d){a=Error(p(":",d,a,c));a.attribution=p(":",this.attribution,b);throw a;},guardError:W(),guardFatal:W("FATAL"),guardCurrent:function(a){var b=
t[t.length-1];return b?W(b.logLevel,b).call(this,a):a},guardTime:function(a){var b=t[t.length-1],c=b&&b.name;return c&&c in A?function(){var b=v(),d=a.apply(this,arguments);A[c].async=(A[c].async||0)+v()-b;return d}:a},log:function(a,b,c){return this.logError(null,a,b,c)},declare:z([],!0,!0,!0),register:z([],!0),execute:z([]),AUI_BUILD_DATE:"3.21.9-2022-01-15",when:ka(),now:ka(!0),trigger:function(a,b,c){var f=M();this.declare(a,{data:b,pageElapsedTime:f-(d.aPageStart||NaN),triggerTime:f});c&&c.instrument&&
O.when("prv:a-logTrigger").execute(function(b){b(a)})},handleTriggers:function(){this.log("handleTriggers deprecated")},attributeErrors:function(a){return new I(a)},_namespace:function(a,b){return new I(a,b)},setPriority:function(a){qa?qa=!1:this.log("setPriority only accept the first call.")}};var q=F(d,"AmazonUIPageJS",new I);var O=q._namespace("PageJS","AmazonUI");O.declare("prv:p-debug",A);q.declare("p-recorder-events",[]);q.declare("p-recorder-stop",function(){});F(d,"P",q);la();if(f.addEventListener){var sa;
f.addEventListener("DOMContentLoaded",sa=function(){q.trigger("a-domready");f.removeEventListener("DOMContentLoaded",sa,!1)},!1)}var g=f.documentElement,ca=function(){var a=["O","ms","Moz","Webkit"],b=f.createElement("div");return{testGradients:function(){return!0},test:function(c){var d=c.charAt(0).toUpperCase()+c.substr(1);c=(a.join(d+" ")+d+" "+c).split(" ");for(d=c.length;d--;)if(""===b.style[c[d]])return!0;return!1},testTransform3d:function(){return!0}}}();l=g.className;var ta=/(^| )a-mobile( |$)/.test(l),
ua=/(^| )a-tablet( |$)/.test(l),k={audio:function(){return!!f.createElement("audio").canPlayType},video:function(){return!!f.createElement("video").canPlayType},canvas:function(){return!!f.createElement("canvas").getContext},svg:function(){return!!f.createElementNS&&!!f.createElementNS("http://www.w3.org/2000/svg","svg").createSVGRect},offline:function(){return navigator.hasOwnProperty&&navigator.hasOwnProperty("onLine")&&navigator.onLine},dragDrop:function(){return"draggable"in f.createElement("span")},
geolocation:function(){return!!navigator.geolocation},history:function(){return!(!d.history||!d.history.pushState)},webworker:function(){return!!d.Worker},autofocus:function(){return"autofocus"in f.createElement("input")},inputPlaceholder:function(){return"placeholder"in f.createElement("input")},textareaPlaceholder:function(){return"placeholder"in f.createElement("textarea")},localStorage:function(){return"localStorage"in d&&null!==d.localStorage},orientation:function(){return"orientation"in d},
touch:function(){return"ontouchend"in f},gradients:function(){return ca.testGradients()},hires:function(){var a=d.devicePixelRatio&&1.5<=d.devicePixelRatio||d.matchMedia&&d.matchMedia("(min-resolution:144dpi)").matches;r("hiRes"+(ta?"Mobile":ua?"Tablet":"Desktop"),a?1:0);return a},transform3d:function(){return ca.testTransform3d()},touchScrolling:function(){return n(/Windowshop|android|OS ([5-9]|[1-9][0-9]+)(_[0-9]{1,2})+ like Mac OS X|SOFTWARE=([5-9]|[1-9][0-9]+)(.[0-9]{1,2})+.*DEVICE=iPhone|Chrome|Silk|Firefox|Trident.+?; Touch/i)},
ios:function(){return n(/OS [1-9][0-9]*(_[0-9]*)+ like Mac OS X/i)&&!n(/trident|Edge/i)},android:function(){return n(/android.([1-9]|[L-Z])/i)&&!n(/trident|Edge/i)},mobile:function(){return ta},tablet:function(){return ua},rtl:function(){return"rtl"===g.dir}};for(m in k)k.hasOwnProperty(m)&&(k[m]=ma(k[m]));for(var da="textShadow textStroke boxShadow borderRadius borderImage opacity transform transition".split(" "),P=0;P<da.length;P++)k[da[P]]=ma(function(){return ca.test(da[P])});var K=!0,aa={w:0,
h:0},Z=Y("(orientation:landscape)"),L=k.mobile||k.tablet?Y("(min-width:451px)"):Y("(min-width:1250px)");Z.addListener&&Z.addListener(J);L.addListener&&L.addListener(J);var na;J();var va={getItem:function(a){try{return d.localStorage.getItem(a)}catch(b){}},setItem:function(a,b){try{return d.localStorage.setItem(a,b)}catch(c){}}};g.className=X(g,"a-no-js");B(g,"a-js");!n(/OS [1-8](_[0-9]*)+ like Mac OS X/i)||d.navigator.standalone||n(/safari/i)||B(g,"a-ember");l=[];for(m in k)k.hasOwnProperty(m)&&k[m]&&
l.push("a-"+m.replace(/([A-Z])/g,function(a){return"-"+a.toLowerCase()}));B(g,l.join(" "));g.setAttribute("data-aui-build-date","3.21.9-2022-01-15");q.register("p-detect",function(){return{capabilities:k,localStorage:k.localStorage&&va,toggleResponsiveGrid:Ba,responsiveGridEnabled:Ca}});n(/UCBrowser/i)||k.localStorage&&B(g,va.getItem("a-font-class"));q.declare("a-event-revised-handling",!1);try{var w=navigator.serviceWorker}catch(a){E("sw:nav_err")}w&&(x(w,"message",function(a){a&&a.data&&r(a.data.k,
a.data.v)}),w.controller&&w.controller.postMessage("MSG-RDY"));var C=[];l={reg:{},unreg:{}};l.reg.browser={action:function(a,b){w.register("/service-worker.js").then(function(){r(a+"success")}).catch(function(c){q.logError(c,"[AUI SW] Failed to "+b+" service worker: ");r(a+"failure")})}};(function(a){var b=a.reg,c=a.unreg;w&&w.getRegistrations?(O.when("A").execute(function(a){pa(a,c,"unregister")}),x(d,"load",function(){O.when("A").execute(function(a){pa(a,b,"register");oa()})})):(b&&b.browser&&C.push("sw:browser:register:unsupported"),
c&&c.browser&&C.push("sw:browser:unregister:unsupported"),oa())})(l);q.declare("a-fix-event-off",!1);r("pagejs:pkgExecTime",v()-N)})(window,document,Date);
(function(b){function q(a,f,d){function e(a,b,c){var e=Array(f.length);~l&&(e[l]={});~m&&(e[m]=c);for(c=0;c<n.length;c++){var g=n[c],r=a[c];e[g]=r}for(c=0;c<p.length;c++)g=p[c],r=b[c],e[g]=r;a=d.apply(null,e);return~l?e[l]:a}"string"!==typeof a&&b.P.error("C001");-1===a.indexOf("@")&&-1<a.indexOf("/")&&(-1<a.indexOf("es3")||-1<a.indexOf("evergreen"))&&(a=a.substring(0,a.lastIndexOf("/")));if(!t[a]){t[a]=!0;d||(d=f,f=[]);a=a.split(":",2);var c=a[1]?a[0]:void 0,g=(a[1]||a[0]).replace(/@capability\//,
"@c/"),k=c?b.P._namespace(c):b.P,u=!g.lastIndexOf("@c/",0),n=[];a=[];var p=[],v=[],m=-1,l=-1;for(c=0;c<f.length;c++){var h=f[c];"module"===h&&k.error("C002");"exports"===h?l=c:"require"===h?m=c:h.lastIndexOf("@p/",0)?h.lastIndexOf("@c/",0)?(n.push(c),a.push("mix:"+h)):(p.push(c),v.push(h)):(n.push(c),a.push(h.substr(3)))}k.when.apply(k,a).register("mix:"+g,function(){var a=[].slice.call(arguments);return u||~m||p.length?{capabilities:v,cardModuleFactory:function(b,c){b=e(a,b,c);b.P=k;return b},require:~m?
q:void 0}:e(a,[],function(){})});u&&k.when("mix:@amzn/mix.client-runtime","mix:"+g).execute(function(a,b){a.registerCapabilityModule(g,b)});k.when("mix:"+g).register("xcp:"+g,function(a){return a});var q=function(a,b,c){try{var f=-1<g.indexOf("/")?g.split("/")[0]:g,d=a[0],e=d.lastIndexOf("./",0)?d:f+"/"+d.substr(2),h=e.lastIndexOf("@p/",0)?"mix:"+e:e.substr(3);k.when(h).execute(function(a){try{b(a)}catch(x){c(x)}})}catch(w){c(w)}}}}"use strict";var t={};b.mix_d||((b.Promise?P:P.when("3p-promise")).register("@p/promise-is-ready",
function(a){b.Promise=b.Promise||a}),(Array.prototype.includes?P:P.when("a-polyfill")).register("@p/polyfill-is-ready",function(){}),b.mix_d=function(a,b,d){P.when("@p/promise-is-ready","@p/polyfill-is-ready").execute("@p/mix-d-deps",function(){q(a,b,d)})},b.xcp_d=b.mix_d,P.when("mix:@amzn/mix.client-runtime").execute(function(a){P.declare("xcp:@xcp/runtime",a)}));b.mixTimeout||(b.mixTimeout=function(a,f,d){b.mixCardInitTimeouts||(b.mixCardInitTimeouts={});b.mixCardInitTimeouts[f]&&clearTimeout(b.mixCardInitTimeouts[f]);
b.mixCardInitTimeouts[f]=setTimeout(function(){P.log("Client-side initialization timeout","WARN",a)},d)});b.mix_csa_map=b.mix_csa_map||{};b.mix_csa_internal=b.mix_csa_internal||function(a,f,d){return b.mix_csa_map[f]=b.mix_csa_map[f]||b.csa(a,d)};b.mix_csa_internal_key=b.mix_csa_internal_key||function(a,b){for(var d="",e=0;e<b.length;e++){var c=b[e];void 0!==a[c]&&"object"!==typeof a[c]&&(d+=c+":"+a[c]+",")}if(!d)throw Error("bad mix-csa key gen.");return d};b.mix_csa_event=b.mix_csa_event||function(a){try{var f=
b.mix_csa_internal_key(a,["producerId"])}catch(d){return P.logError(d,"MIX C005","ERROR",void 0),function(){}}try{return b.mix_csa_internal(f,"Event",a)}catch(d){return P.logError(d,"MIX C004","ERROR",f),function(){}}};b.mix_csa=b.mix_csa||function(a,f){try{f=f||"";var d=document.querySelectorAll(a);if(1<d.length)for(var e=0;e<d.length;e++){if(d[e].querySelector(f)){var c=d[e];break}}else 1===d.length&&(c=d[0]);if(!c)throw Error(" ");return b.mix_csa_internal("Content",a,{element:c})}catch(g){return P.logError(g,
"MIX C004","ERROR",a),function(){}}}})(window);
  (window.AmazonUIPageJS ? AmazonUIPageJS : P).load.js('https://images-eu.ssl-images-amazon.com/images/I/61XKxrBtDVL.js?AUIClients/AmazonUIjQuery');
(window.AmazonUIPageJS ? AmazonUIPageJS : P).when('sp.load.js').execute(function() {
  (window.AmazonUIPageJS ? AmazonUIPageJS : P).load.js('https://images-eu.ssl-images-amazon.com/images/I/11Y+5x+kkTL._RC|51106gSDnJL.js,11yKORv-GTL.js,11giXtZCwVL.js,01+z+uIeJ-L.js,01VRMV3FBdL.js,21SDJtBU-PL.js,012FVc3131L.js,11rRjDLdAVL.js,51H19hJRYrL.js,11kWu3cNjYL.js,11tMohjWmVL.js,11OREnu1epL.js,11wcWdhrnDL.js,21ssiLNIZvL.js,0190vxtlzcL.js,51+N26vFcBL.js,01JYHc2oIlL.js,31R9m8rig5L.js,01ezj5Rkz1L.js,11+RxVdhNcL.js,31o2NGTXThL.js,01rpauTep4L.js,01KFkXJxMTL.js_.js?AUIClients/AmazonUI#page_type-Gateway');
  (window.AmazonUIPageJS ? AmazonUIPageJS : P).load.js('https://images-eu.ssl-images-amazon.com/images/I/51m0iocT4ZL.js?AUIClients/CardJsRuntimeBuzzCopyBuild');
});
</script><script type="text/javascript" async="" crossorigin="anonymous" src="https://images-eu.ssl-images-amazon.com/images/I/61XKxrBtDVL.js?AUIClients/AmazonUIjQuery"></script>
<!-- sp:end-feature:aui-assets -->
<!-- sp:feature:nav-inline-css -->
<!-- NAVYAAN CSS -->

<style type="text/css">
.nav-sprite-v1 .nav-sprite, .nav-sprite-v1 .nav-icon {
  background-image: url(https://images-eu.ssl-images-amazon.com/images/G/31/gno/sprites/nav-sprite-global-1x-hm-dsk-reorg._CB405936311_.png);
  background-position: 0 1000px;
  background-repeat: repeat-x;
}
.nav-spinner {
  background-image: url(https://images-eu.ssl-images-amazon.com/images/G/31/javascripts/lib/popover/images/snake._CB485935600_.gif);
  background-position: center center;
  background-repeat: no-repeat;
}
.nav-timeline-icon, .nav-access-image, .nav-timeline-prime-icon {
  background-image: url(https://images-eu.ssl-images-amazon.com/images/G/31/gno/sprites/timeline_sprite_1x._CB439943932_.png);
  background-repeat: no-repeat;
}
</style>
<link rel="stylesheet" href="https://images-eu.ssl-images-amazon.com/images/I/41KBYOkTjIL._RC|71Fh67qo7AL.css,41Etv-g4obL.css,31CdpXAsWCL.css,313Ydl5aIRL.css,21MKjoYL8wL.css,41dMxRXAxPL.css,01yCq3WXEcL.css,11kO7yAgiQL.css,31OvHRW+XiL.css,01XHMOHpK1L.css,11iUHDm4--L.css,31jJwAF+yLL.css_.css?AUIClients/NavDesktopUberAsset&amp;eRSuagD1#desktop.in.310484-T1">
<!-- sp:end-feature:nav-inline-css -->
<!-- sp:feature:host-assets -->
<style>
#gw-desktop-herotator,#gw-desktop-herotator .a-carousel-viewport{height:300px}#gw-desktop-herotator.tall{z-index:0}#gw-desktop-herotator.tall,#gw-desktop-herotator.tall .a-carousel-controls{max-height:230px}#gw-desktop-herotator.tall .a-carousel-viewport{height:auto!important}#gw-desktop-herotator.tall .a-carousel-left,#gw-desktop-herotator.tall .a-carousel-right{max-height:250px}#gw-desktop-herotator.tall .a-carousel-viewport::before{background:linear-gradient(-180deg,rgba(234,237,237,0),#eaeded);bottom:0;content:"";filter:progid:DXImageTransform.Microsoft.gradient(startColorstr='#00EAEDED', endColorstr='#EAEDED', GradientType=0);-ms-filter:"progid:DXImageTransform.Microsoft.gradient(startColorstr='#00EAEDED', endColorstr='#EAEDED',GradientType=0)";left:0;pointer-events:none;position:absolute;right:0;top:250px;z-index:1}#gw-desktop-herotator.tall .a-carousel-container{overflow:visible}
</style>
<link rel="stylesheet" href="https://images-eu.ssl-images-amazon.com/images/I/41Gc3C8UysL.css?AUIClients/AmazonGatewayAuiAssets">
<style>
.gw-card-layout .a-cardui{background:#fff;height:100%;position:relative;margin-bottom:0;margin-top:0;overflow:hidden;padding-top:20px}.gw-card-layout .a-cardui .a-cardui-header{padding:0 20px;margin-bottom:10px}.gw-card-layout .a-cardui .a-cardui-footer{padding:0 20px;margin-bottom:20px;position:absolute;bottom:0;width:100%}.gw-card-layout .a-cardui .a-cardui-body{padding:0 20px 56px 20px;margin-bottom:0}.gw-card-layout .a-cardui .a-cardui-body:last-child{padding-bottom:20px}.gw-card-layout .a-cardui:last-child{margin-bottom:0}.a-lt-ie9 .gw-card-layout .a-cardui .a-cardui-body{padding-bottom:20px}.gw-card-layout{font-size:13px!important;line-height:19px!important}.gw-card-layout .a-size-base{font-size:13px!important;line-height:19px!important}.gw-card-layout .a-size-small{font-size:12px!important;line-height:18px!important}.gw-card-layout .a-size-base-plus{font-size:15px!important;line-height:21px!important}.gw-card-layout .a-size-medium{font-size:17px!important;line-height:21.34px!important}.gw-card-layout .a-size-large{font-size:21px!important;line-height:27.3px!important}.gw-card-layout h2{font-size:21px!important;line-height:27.3px!important}.truncate-1line,.truncate-2line{display:block;overflow:hidden;text-overflow:ellipsis;-ms-text-overflow:ellipsis}.truncate-1line{white-space:nowrap}.truncate-2line{display:-webkit-box;-webkit-box-orient:vertical;-webkit-line-clamp:2;max-height:38px}.truncate-2line.a-size-base{max-height:38px}.truncate-2line.a-size-small{max-height:36px}.truncate-2line.a-size-base-plus{max-height:42px}.truncate-2line.a-size-medium{max-height:42.67px}.truncate-2line.a-size-large{max-height:54.6px}h2.truncate-2line{max-height:54.6px}.gw-card-layout .a-cardui.gw-media-card{padding-top:0;color:#fff}.gw-card-layout .a-cardui.gw-media-card .a-cardui-footer,.gw-card-layout .a-cardui.gw-media-card .a-cardui-header{position:absolute;left:0;z-index:1;width:100%}.gw-card-layout .a-cardui.gw-media-card .a-cardui-header{margin-top:20px;padding:0 20px;top:0}.gw-card-layout .a-cardui.gw-media-card .a-cardui-header h3{margin-right:340px}.gw-card-layout .a-cardui.gw-media-card .a-cardui-footer{margin-bottom:20px;padding:0 20px;bottom:0}.gw-card-layout .a-cardui.gw-media-card .a-cardui-footer .a-link-normal{color:#fff}.gw-card-layout .a-cardui.gw-media-card .a-cardui-body{padding:0;width:100%;height:100%;overflow:hidden;position:relative}.gw-card-layout .a-cardui.gw-media-card .asinImage{position:absolute;top:0;bottom:0;right:20px;margin:auto}.gw-card-layout .a-cardui.gw-media-card .asinImage img{box-shadow:0 2px 6px 0 rgba(0,0,0,.5)}.gw-card-layout .a-cardui.gw-media-card .asinBackground{width:100%;height:100%;overflow:hidden;background-repeat:no-repeat;background-position:center right;background-size:cover;filter:blur(10px);-webkit-filter:blur(10px);filter:progid:DXImageTransform.Microsoft.Blur(PixelRadius='10px');-ms-filter:"progid:DXImageTransform.Microsoft.Blur(PixelRadius='10px')";transform:scale(1.1);-webkit-transform:scale(1.1)}.gw-card-layout .a-cardui.gw-media-card .backgroundGradient{position:absolute;top:0;left:0;width:100%;height:100%;background:linear-gradient(to right,#111,rgba(17,17,17,.2));filter:progid:DXImageTransform.Microsoft.gradient(startColorstr=#111111, endColorstr=#17171733, GradientType=1);-ms-filter:"progid:DXImageTransform.Microsoft.gradient(startColorstr=#111111, endColorstr=#17171733, GradientType=1)"}.gw-card-layout[data-flow-dir="h"]{display:-webkit-flex;display:flex;-webkit-flex-flow:row wrap;flex-flow:row wrap}.gw-card-layout[data-flow-dir="h"]>.gw-col{height:420px;min-height:420px;-webkit-flex:1 0 290px;flex:1 0 290px;padding-left:10px;padding-right:10px;min-width:290px}.gw-card-layout[data-flow-dir="h"] .card-flow-row-break{-webkit-flex:1 0 100%;flex:1 0 100%}.gw-card-layout[data-flow-dir="h"]>.gw-col[data-col-span-ws="2"]{-webkit-flex:2 0 580px;flex:2 0 580px}.gw-card-layout[data-flow-dir="h"]>.gw-col[data-col-span-ws="4"]{-webkit-flex:1 0 100%;flex:1 0 100%}.gw-card-layout[data-flow-dir="h"] .gw-card-layout[data-flow-dir="v"]{display:-webkit-flex;display:flex;-webkit-flex-flow:column nowrap;flex-flow:column nowrap;margin-top:-10px;margin-bottom:-10px}.gw-card-layout[data-flow-dir="v"]>.gw-row{-webkit-flex:1 0 0;flex:1 0 0;margin-top:10px;margin-bottom:10px}.gw-card-layout [data-order-ws="1"]{-webkit-order:1;order:1}.gw-card-layout [data-order-ws="2"]{-webkit-order:2;order:2}.gw-card-layout [data-order-ws="3"]{-webkit-order:3;order:3}.gw-card-layout [data-order-ws="4"]{-webkit-order:4;order:4}.gw-card-layout [data-order-ws="5"]{-webkit-order:5;order:5}.gw-card-layout [data-order-ws="6"]{-webkit-order:6;order:6}.gw-card-layout [data-order-ws="7"]{-webkit-order:7;order:7}.gw-card-layout [data-order-ws="8"]{-webkit-order:8;order:8}.gw-card-layout [data-order-ws="9"]{-webkit-order:9;order:9}.gw-card-layout [data-order-ws="10"]{-webkit-order:10;order:10}.gw-card-layout [data-order-ws="11"]{-webkit-order:11;order:11}.gw-card-layout [data-order-ws="12"]{-webkit-order:12;order:12}.gw-card-layout [data-order-ws="13"]{-webkit-order:13;order:13}.gw-card-layout .gw-col.gw-fixed-col{min-width:320px}@media (min-width:1240px){.gw-card-layout>hr:last-of-type{display:none}}@media (max-width:1239px){.gw-card-layout[data-flow-dir="h"]>.gw-col{-webkit-flex-basis:33.33333%;flex-basis:33.33333%;min-width:33.33333%}.gw-card-layout[data-flow-dir="h"]>.gw-col[data-col-span-sm="2"]{-webkit-flex:2 0 66.66667%;flex:2 0 66.66667%}.gw-card-layout[data-flow-dir="h"]>.gw-col[data-col-span-sm="3"]{-webkit-flex:1 0 100%;flex:1 0 100%}.gw-card-layout [data-order-sm="1"]{-webkit-order:1;order:1}.gw-card-layout [data-order-sm="2"]{-webkit-order:2;order:2}.gw-card-layout [data-order-sm="3"]{-webkit-order:3;order:3}.gw-card-layout [data-order-sm="4"]{-webkit-order:4;order:4}.gw-card-layout [data-order-sm="5"]{-webkit-order:5;order:5}.gw-card-layout [data-order-sm="6"]{-webkit-order:6;order:6}.gw-card-layout [data-order-sm="7"]{-webkit-order:7;order:7}.gw-card-layout [data-order-sm="8"]{-webkit-order:8;order:8}.gw-card-layout [data-order-sm="9"]{-webkit-order:9;order:9}.gw-card-layout [data-order-sm="10"]{-webkit-order:10;order:10}.gw-card-layout [data-order-sm="11"]{-webkit-order:11;order:11}.gw-card-layout [data-order-sm="12"]{-webkit-order:12;order:12}.gw-card-layout [data-order-sm="13"]{-webkit-order:13;order:13}.gw-card-layout .gw-col.gw-fixed-col{min-width:none}}.gw-card-layout[data-flow-dir="h"]>.card-flow-row-break{height:20px;margin:0;border:none}.gw-card-layout[data-flow-dir="h"]>[data-display-at]{display:none}.gw-card-layout[data-flow-dir="h"]>[data-display-at*=ws]{display:block}.gw-card-layout[data-flow-dir="h"][data-grid-breakpoint=ws]>[data-hide-at-ws]{display:none!important}.gw-card-layout[data-flow-dir="h"] .gw-auto-height{height:auto!important;min-height:0!important}@media (max-width:1239px){.gw-card-layout[data-flow-dir="h"]{min-width:919px}.gw-card-layout[data-flow-dir="h"]>[data-display-at]{display:none}.gw-card-layout[data-flow-dir="h"]>[data-display-at*=sm]{display:block}.gw-card-layout[data-flow-dir="h"][data-grid-breakpoint=sm]>[data-hide-at-sm]{display:none!important}}
</style>
<script>
var GWI=function(b){var a={},g={},d=function(){},h=function(){function c(f,c){for(var e=[],a=0;a<f.length;a++)e.push({id:f[a],occured:!1});this.notify=function(f){for(var a=0;a<e.length;a++){var k=e[a];k.id===f&&(k.occured=!0)}f=!0;for(a=0;a<e.length;a++)f=f&&e[a].occured;f&&c()}}function b(f,a){function e(){c.occured&&(c.time=(new Date).getTime())}var c=this,k=[];c.time=0;c.occured=a;e();c.notifySubscribers=function(){c.occured=!0;e();for(var a=0;a<k.length;a++)k[a].notify(f)};c.registerSubscriber=
function(a){null!==a&&void 0!==a&&k.push(a);c.occured&&a.notify(f)}}var e=this,k={},a=[];e.registerEvent=function(f,e){if(void 0===k[f])for(k[f]=new b(f,e),e=0;e<a.length;e++){var d=new c([f],a[e]);k[f].registerSubscriber(d)}};e.registerSubscriber=function(f,a){a=new c(f,a);for(var b=0;b<f.length;b++){var d=f[b];e.registerEvent(d,!1);k[d].registerSubscriber(a)}return a};e.notifySubscribers=function(f){k[f].notifySubscribers()};e.getUnoccuredEvents=function(f){var a=[],e;for(e=0;e<f.length;e++){var c=
f[e];(void 0===k[c]||k[c]&&!k[c].occured)&&a.push(c)}return a};e.getMaxTime=function(f){var a=0,e;for(e=0;e<f.length;e++){var c=f[e];k[c]&&k[c].time>a&&(a=k[c].time)}return a};e.addGlobalHanlder=function(f){"function"===typeof f&&a.push(f)};return e}();a.whenAll=function(a,b){return h.registerSubscriber(a,b)};a.whenAny=function(c,b){for(var e=[],k=0;k<c.length;k++)e.push(a.whenAll([c[k]],b));return e};a.onEvent=h.addGlobalHanlder;a.register=function(a){h.registerEvent(a,!0);h.notifySubscribers(a)};
a.recordLatency=function(a){g[a]||(g[a]=!0,b.uet&&uet("cf",a,{wb:1}),b.uex&&uex("ld",a,{wb:1}))};a.registerX1Once=function(c){c&&c.register("x1");a.registerX1Once=d};a.fireX2Once=function(c,g){b.uet&&uet("x2",void 0,void 0,g);a.registerX2Once(c);a.fireX2Once=d};a.registerX2Once=function(c){a.registerX2Once=d;c&&c.register("x2");a.register("x2")};a.regGwAtfReadyOnce=function(c){c&&c.register("gwAtfReady");a.register("gwAtfReady");a.regGwAtfReadyOnce=d};a.getUnoccuredEvents=h.getUnoccuredEvents;a.getMaxTime=
h.getMaxTime;return a}(window);"use strict";GWI.preload=function(b,a){if(b){var g=new Image;g.onload=function(){a&&a()};g.src=b;return g.complete}};"use strict";GWI.instrumentImages=function(b,a){var g={};if(b&&a)for(g.imgArray=a.split(" "),g.totalImgs=g.imgArray.length,g.scope=b+"-visible",g.imgReady=function(){g.totalImgs--;0===g.totalImgs&&(GWI.recordLatency(g.scope),GWI.register(g.scope))},b=0;b<g.imgArray.length;b++)GWI.preload(g.imgArray[b],g.imgReady);return g};"use strict";
GWI.util=function(){return{logScope:function(b){var a=window.GWI;b&&a&&(a.recordLatency(b),a.register(b))},getParent:function(b){return(b=document.getElementById(b))&&b.parentElement},gwiData:function(b){var a;if(a=b)b=b.getAttribute("data-gwi"),a=window.JSON&&JSON.parse&&JSON.parse(b);return a||{}}}}();"use strict";
GWI.BillboardWidget=function(b,a){if(window.GWI&&window.GWI.util){var g=function(){for(var a=0;a<c.length;++a)if(!c[a].complete)return;d.logScope(h.visible);d.logScope(h.active)};a=a||[];var d=window.GWI.util;b=d.getParent(b);var h=d.gwiData(b),c=[];for(b=0;b<a.length;++b)(function(b){var e=new Image;e.onload=g;e.src=a[b];c[b]=e})(b);g()}};"use strict";
GWI.AssetUtil=function(){var b={image:function(a){a&&(window.GwInstrumentation&&window.GwInstrumentation.CF(a),a=window.ue,"object"===typeof a&&"function"===typeof a.count&&a.count("gw-preload-img",(a.count("gw-preload-img")||0)+1))}};return{load:function(a){a=a||[];for(var g=0;g<a.length;g++){var d=a[g];if(d&&d.src&&d.type&&"function"===typeof b[d.type])b[d.type](d.src)}}}}();"use strict";
GWI.Card=function(b,a){function g(a){"object"==typeof ue&&"function"==typeof ue.count&&ue.count(a,(ue.count(a)||0)+1)}function d(a){for(var b=0;b<h.length;b++)if(-1<(" "+a.className+" ").indexOf(" "+h[b]+" "))return!0;return!1}var h=["image-map","scalable-image-map","scalable-image-link","product-shoveler"];return{autoInstVisible:function(c){if(b.GWI&&GWI.util){var h=function(){for(r=0;r<p.length;++r)if(!p[r].complete)return;e.logScope(l+"-visible")},e=GWI.util,k=e.getParent(c),q=a.getElementById(c),
f=q.getElementsByTagName("img"),r,l=k.id,p=[];if(!d(q))if(0===l.length||l===c)g("gatewayCardInstrumentationFail");else{for(c=0;c<f.length;c++)k=f[c],k.onload=h,p[c]=k;h()}}},autoInstActive:function(c){if(b.GWI&&GWI.util){var h=GWI.util,e=h.getParent(c),k=a.getElementById(c),e=e.id;d(k)||(0===e.length||e===c?g("gatewayCardInstrumentationFail"):h.logScope(e+"-active"))}}}}(window,document);"use strict";
P.register("atfWidgetComponent",function(){function b(e){var b=Array.prototype.slice.call(m("#gw-card-layout .gw-col")),c,f=[],g=(c=document.getElementById("gw-card-layout"))&&c.dataset&&c.dataset.gridBreakpoint?c.dataset.gridBreakpoint:"ws",l="xs"===g?2:"sm"===g?3:4,p="data-order-"+g,n=0,t=0,u=0;for(c=0;c<b.length;c++)u+=d(b[c],g);for(c=e;0<=c;c--)if(u>=c*l){n=c*l;t=e-c;break}b.sort(function(a,f){return parseInt(a.getAttribute(p))-parseInt(f.getAttribute(p))});for(c=e=0;e<n;)e+=d(b[c],g),Array.prototype.push.apply(f,
a(b[c])),c++;if(0<t)if((b=h())&&b.length>=t)for(c=0;c<t;c++)Array.prototype.push.apply(f,b[c]);else f.push("gw-never-event");return f}function a(a){for(var b=a.querySelectorAll(".gw-row"),d=[],f=0;f<b.length;f++)g(b[f])||d.push(b[f].id);c(a,"celwidget")&&!g(a)&&d.push(a.id);return d}function g(a){return 0<a.getElementsByClassName("text/x-dacx-safeframe").length||0<a.getElementsByClassName("text/x-APE-lightAds").length||0<a.getElementsByTagName("iframe").length}function d(a,c){a=parseInt(a.getAttribute("data-col-span-"+
c));return 1<a?a:1}function h(){var a=[],b=m("#gw-content-grid .gwi-row"),d;for(d=0;d<b.length;d++){var f=[],g=b[d];c(g,"desktop-row")&&f.push(g.id);if(c(g,"billboardRowWrapper")){var g=g.querySelectorAll(".billboard"),l;for(l=0;l<g.length;l++)f.push(g[l].id)}a.push(f)}return a}function c(a,c){return-1<(" "+a.className+" ").indexOf(" "+c+" ")}function m(a){if("function"!==typeof document.querySelectorAll&&"object"!==typeof document.querySelectorAll){var c=[];if(document.createStyleSheet&&document.all){var b=
document.createStyleSheet(""),f=document.all,d=f.length;if(b&&b.addRule&&b.removeRule){b.addRule(a,"gwTemp:forQS");for(a=0;a<d;a+=1)"forQS"===f[a].currentStyle.gwTemp&&c.push(f[a]);b.removeRule(0)}}return c}return document.querySelectorAll(a)}return{getWidgets:function(){return b(2)}}});"use strict";
(function(){var b=Array.prototype.slice;try{b.call(document.documentElement)}catch(a){Array.prototype.slice=function(a,d){d="undefined"!==typeof d?d:this.length;if("[object Array]"===Object.prototype.toString.call(this))return b.call(this,a,d);var h=[],c;c=this.length;a=a||0;a=0<=a?a:Math.max(0,c+a);var m="number"==typeof d?Math.min(d,c):c;0>d&&(m=c+d);c=m-a;if(0<c)if(h=Array(c),this.charAt)for(d=0;d<c;d++)h[d]=this.charAt(a+d);else for(d=0;d<c;d++)h[d]=this[a+d];return h}}})();
GWI.duff=function(b,a){function g(a){g=h;b.uet&&(uet("af",void 0,void 0,a),uet("fn",void 0,void 0,a),b.P&&P.register("fn"));d()}function d(){d=h;try{b.P&&P.register("af"),b.P&&P.register("gwAtfReady"),GWI.register("af"),GWI.register("gwAtfReady"),b.P&&P.register("sp.load.js"),b.uet&&uet("cf","spLoadJs",{wb:1}),b.uex&&uex("ld","spLoadJs",{wb:1})}catch(a){}}var h=function(){},c=!1;GWI.onEvent(function(){P.when("atfWidgetComponent").execute("fire-atf",function(a){if(!c){a=a.getWidgets();var b=[],d;for(d=
0;d<a.length;d++)b.push(a[d]+"-visible");atfEvents=b;atfEvents=atfEvents.concat(["cf"]);b=atfEvents;a=GWI.getUnoccuredEvents(b);b=GWI.getMaxTime(b);a.length?c=!1:(g(b),c=!0)}})})}(window,document);"use strict";
var GwInstrumentation=function(b){function a(){c&&0===h&&(b.uet&&uet("cf"),b.P&&P.register("cf"),b.GWI&&GWI.register("cf"),b.ue&&ue.tag&&b.ue.tag(m?"gwCFImgCache":"gwCFImgNoCache"))}function g(a){P.when("gwAjax").execute(function(b){b(a.uri,{cache:!1,type:"post",data:a.data,id:"ajaxATF"})})}var d={},h=0,c=!1,m=1,e={};d.markAF=function(){};d.markH1Af=function(d){c=!0;b.uet&&uet("cf","h1Af",{wb:1});b.uex&&uex("ld","h1Af",{wb:1});b.P&&P.register("h1Af");a();d&&g(d)};d.preload=function(a,b){if(a){var f=
new Image;f.onload=function(){b&&b()};f.src=a;return f.complete}};d.CF=function(b){var c,f=!1;if("string"===typeof b)e[b]||(c=new d.CF,e[b]=c,b=d.preload(b,function(){c.ready()}),m&=b);else{if(this.constructor===d.CF)return c={},h++,c.ready=function(){f||(f=!0,h--,a())},c;throw Error("Incorrect invocation of GwInstrumentation.CF(...)");}};return d}(window);"use strict";
P.register("LinkDecorator",function(){var b=["pf_rd_p","pd_rd_r","pd_rd_w","pd_rd_wg"],a=["ref_"],g=function(a,b){var c=document.getElementById(b);a&&a.split(" ").forEach(function(a){c&&c.addEventListener?c.addEventListener(a,d):c&&c.attachEvent&&c.attachEvent("on"+a,d)})},d=function(a){a=a||window.event;var b=a.which||a.keyCode;if("keydown"!=a.type||13===b)for(a=a.target||a.srcElement;a&&a.parentNode;){b=a.tagName&&a.tagName.toLowerCase();if("a"==b||"area"==b){h(a);break}else if(a.id&&"gw-quick-look-btn"==
a.id){a=a.parentNode;a=a.getElementsByTagName&&a.getElementsByTagName("a");for(b=0;b<a.length;b++){var c=a&&a[b];c&&h(c)}break}a=a.parentNode}},h=function(a){var b=a.href,d=window.ue&&window.ue.rid,e;if(e=b&&d&&a.baseURI)e=a.baseURI,e=b.substring(0,e.length+1)!==e+"#"&&b!==e;e&&0>b.indexOf("pf_rd_r\x3d"+d)&&c(d,a)},c=function(c,d){var g=m(d.href),h=g.queryParams;if(h.pf_rd_r)c&&c!==h.pf_rd_r&&(h.pf_rd_r=c);else{c&&(h.pf_rd_r=c);var n=k(d);n&&q(b,function(a){var b=n.getAttribute("data-"+a);b&&(h[a]=
b)});n&&q(a,function(a){var b=n.getAttribute("data-"+a);b&&!h[a]&&(h[a]=b)})}d.href=g.urlPath+"?"+e(h)},m=function(a){var b=a.indexOf("?");if(0>b)return{urlPath:a,queryParams:{}};var c={},d=a.substring(b+1).split("\x26");q(d,function(a){a=a.split("\x3d",2);2==a.length&&!c[a[0]]&&(c[a[0]]=a[1])});return{urlPath:a.substring(0,b),queryParams:c}},e=function(a){var b=[],c;for(c in a)b.push(c+"\x3d"+a[c]);return b.join("\x26")},k=function(a){for(;a&&a.parentNode;){if(a.className&&0<=a.className.indexOf("celwidget")&&
0<=a.className.indexOf("csm-placement-id"))return a;a=a.parentNode}},q=function(a,b){for(var c=0;c<a.length;c++)b(a[c])};return function(a){g("mousedown touchstart keydown",a)}});P.when("A","ready").register("carouselInstrumentation",function(b){});
(function(b){var a=window.AmazonUIPageJS||window.P,d=a._namespace||a.attributeErrors,c=d?d("AmazonGatewayHackAssets",""):a;c.guardFatal?c.guardFatal(b)(c,window):c.execute(function(){b(c,window)})})(function(b,a,d){a.P&&b.when("A","ready").execute(function(c){c.on("packard:glow:destinationChangeAll",function(){a.location.reload()})});b.when("A","jQuery","af","gw-desktop-herotator/dom-ready").execute("gwForceHires",function(a,b){a.loadHiResImage(b("#gw-desktop-herotator img"))});a.P&&b.when("p-detect").execute(function(){var a=
document;!/(^|\s+)a-touch(\s+|$)/.test(a.documentElement.className)&&("ontouchend"in a||0<navigator.maxTouchPoints||0<navigator.msMaxTouchPoints)&&(a.documentElement.className+=" a-touch")});(function(a){a.P&&b.when("A").execute(function(b){a.GWI&&a.GWI.recordLatency("gwAUIReady")})})(a);a.P&&b.when("jQuery").execute(function(c){a.GWI&&a.GWI.recordLatency("jQueryReady");c(document).ready(function(){a.GWI&&a.GWI.recordLatency("jQueryDomReady")});c(a).load(function(){a.GWI&&a.GWI.recordLatency("jQueryWindowLoad");
try{b.register("af"),b.register("sp.load.js"),b.register("gwAtfReady")}catch(c){}})});a.P&&b.when("af").execute(function(){b.register("x1");b.register("x2")});a.P&&b.when("ready","af").execute(function(){b.register("gwLayoutReady");a.GWI&&a.GWI.recordLatency("gwLayoutReady")});a.P&&b.when("navCF").execute(function(){a.GWI&&a.GWI.recordLatency("navCF")});a.P&&b.when("A","gwLayoutReady").execute(function(b){b.capabilities.hires&&b.$(a).trigger("resize")});document.documentElement.setAttribute("data-useragent",
navigator.userAgent);document.documentElement.setAttribute("data-platform",navigator.platform)});
  (window.AmazonUIPageJS ? AmazonUIPageJS : P).load.js('https://images-eu.ssl-images-amazon.com/images/I/01rGP6HIADL.js?AUIClients/GenericObservableJS');
  (window.AmazonUIPageJS ? AmazonUIPageJS : P).load.js('https://images-eu.ssl-images-amazon.com/images/I/11neqea2vNL._RC|41mNJd-k3VL.js_.js?AUIClients/AmazonGatewayAuiAssets&SPn3SGfq#367019-T1');
(function(e){var g=window.AmazonUIPageJS||window.P,k=g._namespace||g.attributeErrors,b=k?k("AmazonGatewayCardGridAssets",""):g;b.guardFatal?b.guardFatal(e)(b,window):b.execute(function(){e(b,window)})})(function(e,g,k){e.when("jQuery").register("GwGridLogic",function(b){function g(a){a=a||b("html").width();return n&&1239>=a?"sm":"ws"}function k(a,b){a.attr("data-hide-at-"+b,!0)}function h(a,b,c){if(!a.length)throw Error("No grid layout found with selector");this.$grid=a;this.selector=b;this.context=
c;this.sorted={}}function l(a,d){var c=b(a,d);if(!c.length)throw Error("No grid found with selector: "+a);this.gridDom=new h(c,a,d)}var p={xs:2,sm:3,ws:4},n=!1;b("html").hasClass("a-lt-ie9")||(n=!0);h.prototype.setBreakpoint=function(a){this.$grid.attr("data-grid-breakpoint",a)};h.prototype.sortFor=function(a){if(this.sorted[a])return this.sorted[a];var d=b(this.selector+"\x3e [data-order-"+a+"]",this.context).sort(function(c,f){c=b(c).data("order-"+a);f=b(f).data("order-"+a);return c<f?-1:c>f?1:
0});return this.sorted[a]=d};h.prototype.updateSourceOrder=function(a){};h.prototype.dropIncompleteRows=function(a){if(!this.$grid.data("init-"+a)){var d=this.sortFor(a),c=[],f=0,g=d.length,e=[];d.each(function(d,h){var m=b(h),l=m.hasClass("card-flow-row-break"),m=m.data("col-span-"+a)||1;l||(f+=m);f>p[a]?(k(b(c),a),c=[h],f=m):c.push(h);if(l||d===g-1)f<p[a]?k(b(c),a):e=e.concat(c),c=[],f=0});b([e[0],e.pop()]).each(function(c,d){c=b(d);c.hasClass("card-flow-row-break")&&k(c,a)});this.$grid.data("init-"+
a,!0)}};l.prototype.init=function(){if(this.gridDom.$grid){this.breakpoint=g();this.update();var a=this;e.when("A").execute("RegisterResizeListener",function(b){b.on("resize",function(c,b){if(b.width||b.orientation)c=g(c.width),c!==a.breakpoint&&(a.breakpoint=c,a.update())})});return this}};l.prototype.update=function(){this.gridDom&&(this.gridDom.setBreakpoint(this.breakpoint),this.gridDom.dropIncompleteRows(this.breakpoint),this.gridDom.updateSourceOrder(this.breakpoint))};return function(a,b){return new l(a,
b)}})});
(window.AmazonUIPageJS ? AmazonUIPageJS : P).when('h1Af').execute(function() {
  (window.AmazonUIPageJS ? AmazonUIPageJS : P).load.js('https://images-eu.ssl-images-amazon.com/images/I/31DEpWC1nGL.js?AUIClients/AmazonGatewayHerotatorJS&PDu43UNw#344985-T1');
});
(window.AmazonUIPageJS ? AmazonUIPageJS : P).when('videoonpage').execute(function() {
  (window.AmazonUIPageJS ? AmazonUIPageJS : P).load.js('https://images-eu.ssl-images-amazon.com/images/I/91OeGqpfv0L.js?AUIClients/VideoJsCardsBuzz#language-en');
});
</script><script type="text/javascript" async="" crossorigin="anonymous" src="https://images-eu.ssl-images-amazon.com/images/I/01rGP6HIADL.js?AUIClients/GenericObservableJS"></script><script type="text/javascript" async="" crossorigin="anonymous" src="https://images-eu.ssl-images-amazon.com/images/I/11neqea2vNL._RC|41mNJd-k3VL.js_.js?AUIClients/AmazonGatewayAuiAssets&amp;SPn3SGfq#367019-T1"></script>
<script>
    window.GWI && GWI.AssetUtil && GWI.AssetUtil.load([{"type":"image","src":"https://m.media-amazon.com/images/I/612ZM7NfATL._SX1500_.jpg"}]);
    window.P && P.register('preload');
</script>
<title>Online Shopping site in India: Shop Online for Mobiles, Books, Watches, Shoes and More - Amazon.in</title>
<meta name="description" content="Amazon.in: Online Shopping India - Buy mobiles, laptops, cameras, books, watches, apparel, shoes and e-Gift Cards. Free Shipping &amp; Cash on Delivery Available.">
<meta name="keywords" content="Amazon.in, Amazon, Online Shopping, online shopping india, india shopping online, amazon india, amazn, buy online, buy mobiles online, buy books online, buy movie dvd's online, kindle, kindle fire hd, kindle e-readers, ebooks, computers, laptop, toys, trimmers, watches, fashion jewellery, home, kitchen, small appliances, beauty, Sports, Fitness &amp; Outdoors">
<meta name="google" content="nositelinkssearchbox">
<meta name="google-site-verification" content="gPzHrNkcFn5TStDwOLUU1DSt5kH_JZkTtBpdvBjTftg">
<link rel="canonical" href="https://www.amazon.in/">
<meta http-equiv="content-type" content="text/html; charset=UTF-8">
<meta property="fb:app_id" content="164734381262">
<meta name="twitter:card" value="summary">
<meta name="twitter:site:id" value="20793816">
<meta property="og:image" content="http://g-ec2.images-amazon.com/images/G/31/img14/anywhere/amazon-logo-500500._V327001990_.jpg" xmlns:og="http://opengraphprotocol.org/schema/">
<meta property="og:description" content="Amazon.in: Online Shopping India - Buy mobiles, laptops, cameras, books, watches, apparel, shoes and e-Gift Cards. Free Shipping &amp; Cash on Delivery Available." xmlns:og="http://opengraphprotocol.org/schema/">
<meta name="msvalidate.01" content="3C8D6512B1E530046DE0569BA27093F3"><script type="text/javascript">
  window.P && P.when('A','ready').execute(function(A) {
    var $ = A.$;
    $('.feed-carousel').first().addClass('first-carousel');
    P.register('gw-first-carousel');
    if($('#desktop-ad-atf').height() === 0) {
      $('.gw-ad-row .a-fixed-right-grid-inner').css('padding-right','0px');
    }
  });
</script>
<!--&&&Portal&Delimiter&&&--><!-- sp:end-feature:host-assets -->
<script type="text/javascript">
window.ue_ihe = (window.ue_ihe || 0) + 1;
if (window.ue_ihe === 1) {
(function(c){c&&1===c.ue_jsmtf&&"object"===typeof c.P&&"function"===typeof c.P.when&&c.P.when("mshop-interactions").execute(function(e){"object"===typeof e&&"function"===typeof e.addListener&&e.addListener(function(b){"object"===typeof b&&"ORIGIN"===b.dataSource&&"number"===typeof b.clickTime&&"object"===typeof b.events&&"number"===typeof b.events.pageVisible&&(c.ue_jsmtf_interaction={pv:b.events.pageVisible,ct:b.clickTime})})})})(ue_csm);
(function(c,e,b){function m(a){f||(f=d[a.type].id,"undefined"===typeof a.clientX?(h=a.pageX,k=a.pageY):(h=a.clientX,k=a.clientY),2!=f||l&&(l!=h||n!=k)?(r(),g.isl&&e.setTimeout(function(){p("at",g.id)},0)):(l=h,n=k,f=0))}function r(){for(var a in d)d.hasOwnProperty(a)&&g.detach(a,m,d[a].parent)}function s(){for(var a in d)d.hasOwnProperty(a)&&g.attach(a,m,d[a].parent)}function t(){var a="";!q&&f&&(q=1,a+="&ui="+f);return a}var g=c.ue,p=c.uex,q=0,f=0,l,n,h,k,d={click:{id:1,parent:b},mousemove:{id:2,
parent:b},scroll:{id:3,parent:e},keydown:{id:4,parent:b}};g&&p&&(s(),g._ui=t)})(ue_csm,window,document);


(function(s,l){function m(b,e,c){c=c||new Date(+new Date+t);c="expires="+c.toUTCString();n.cookie=b+"="+e+";"+c+";path=/"}function p(b){b+="=";for(var e=n.cookie.split(";"),c=0;c<e.length;c++){for(var a=e[c];" "==a.charAt(0);)a=a.substring(1);if(0===a.indexOf(b))return decodeURIComponent(a.substring(b.length,a.length))}return""}function q(b,e,c){if(!e)return b;-1<b.indexOf("{")&&(b="");for(var a=b.split("&"),f,d=!1,h=!1,g=0;g<a.length;g++)f=a[g].split(":"),f[0]==e?(!c||d?a.splice(g,1):(f[1]=c,a[g]=
f.join(":")),h=d=!0):2>f.length&&(a.splice(g,1),h=!0);h&&(b=a.join("&"));!d&&c&&(0<b.length&&(b+="&"),b+=e+":"+c);return b}var k=s.ue||{},t=3024E7,n=ue_csm.document||l.document,r=null,d;a:{try{d=l.localStorage;break a}catch(u){}d=void 0}k.count&&k.count("csm.cookieSize",document.cookie.length);k.cookie={get:p,set:m,updateCsmHit:function(b,e,c){try{var a;if(!(a=r)){var f;a:{try{if(d&&d.getItem){f=d.getItem("csm-hit");break a}}catch(k){}f=void 0}a=f||p("csm-hit")||"{}"}a=q(a,b,e);r=a=q(a,"t",+new Date);
try{d&&d.setItem&&d.setItem("csm-hit",a)}catch(h){}m("csm-hit",a,c)}catch(g){"function"==typeof l.ueLogError&&ueLogError(Error("Cookie manager: "+g.message),{logLevel:"WARN"})}}}})(ue_csm,window);


(function(l,e){function c(b){b="";var c=a.isBFT?"b":"s",d=""+a.oid,g=""+a.lid,h=d;d!=g&&20==g.length&&(c+="a",h+="-"+g);a.tabid&&(b=a.tabid+"+");b+=c+"-"+h;b!=f&&100>b.length&&(f=b,a.cookie?a.cookie.updateCsmHit(m,b+("|"+ +new Date)):e.cookie="csm-hit="+b+("|"+ +new Date)+n+"; path=/")}function p(){f=0}function d(b){!0===e[a.pageViz.propHid]?f=0:!1===e[a.pageViz.propHid]&&c({type:"visible"})}var n="; expires="+(new Date(+new Date+6048E5)).toGMTString(),m="tb",f,a=l.ue||{},k=a.pageViz&&a.pageViz.event&&
a.pageViz.propHid;a.attach&&(a.attach("click",c),a.attach("keyup",c),k||(a.attach("focus",c),a.attach("blur",p)),k&&(a.attach(a.pageViz.event,d,e),d({})));a.aftb=1})(ue_csm,ue_csm.document);


ue_csm.ue.stub(ue,"impression");


ue.stub(ue,"trigger");



if(window.ue&&uet) { uet('bb'); }

}
</script>
<script>window.ue && ue.count && ue.count('CSMLibrarySize', 3173)</script>
<!-- sp:feature:head-close -->
<script>
window.P && P.register('bb');
if (typeof ues === 'function') {
  ues('t0', 'portal-bb', new Date());
  ues('ctb', 'portal-bb', 1);
}
</script>
<script type="text/javascript" async="" crossorigin="anonymous" src="https://images-eu.ssl-images-amazon.com/images/I/31DEpWC1nGL.js?AUIClients/AmazonGatewayHerotatorJS&amp;PDu43UNw#344985-T1"></script><script type="text/javascript" async="" crossorigin="anonymous" src="https://images-eu.ssl-images-amazon.com/images/I/41cyy9szMwL._RC|71efsmlRFyL.js,01F+A05ogQL.js,016tgkOMMNL.js,61vooZvc21L.js,41gNKoK0s7L.js,115pV8Rl02L.js,21QA-szxgvL.js,11k47yUMOjL.js,41SZNgvX4oL.js,51-xVUkFLqL.js,31sq3pfde4L.js,11-98QAh7gL.js,31k+SiN8mLL.js_.js?AUIClients/NavDesktopUberAsset&amp;x8vfsyzp#desktop.language-en.in.387765-T1.365419-T1.366740-T1.310484-T1"></script><script type="text/javascript" async="" crossorigin="anonymous" src="https://images-eu.ssl-images-amazon.com/images/I/31xmO5eI87L.js?xcp"></script><script type="text/javascript" async="" crossorigin="anonymous" src="https://images-eu.ssl-images-amazon.com/images/I/11Y+5x+kkTL._RC|51106gSDnJL.js,11yKORv-GTL.js,11giXtZCwVL.js,01+z+uIeJ-L.js,01VRMV3FBdL.js,21SDJtBU-PL.js,012FVc3131L.js,11rRjDLdAVL.js,51H19hJRYrL.js,11kWu3cNjYL.js,11tMohjWmVL.js,11OREnu1epL.js,11wcWdhrnDL.js,21ssiLNIZvL.js,0190vxtlzcL.js,51+N26vFcBL.js,01JYHc2oIlL.js,31R9m8rig5L.js,01ezj5Rkz1L.js,11+RxVdhNcL.js,31o2NGTXThL.js,01rpauTep4L.js,01KFkXJxMTL.js_.js?AUIClients/AmazonUI#page_type-Gateway"></script><script type="text/javascript" async="" crossorigin="anonymous" src="https://images-eu.ssl-images-amazon.com/images/I/51m0iocT4ZL.js?AUIClients/CardJsRuntimeBuzzCopyBuild"></script><script type="text/javascript" async="" crossorigin="anonymous" src="https://images-na.ssl-images-amazon.com/images/G/01/AUIClients/INRetargetingAsset-fe13df5df0c9265752c892a20feddfc5baaec718.secure.min._V2_.js?AUIClients/INRetargetingAsset"></script></head><!-- sp:end-feature:head-close -->
<!-- sp:feature:start-body -->
<body class="a-aui_72554-c a-aui_accordion_a11y_role_354025-c a-aui_killswitch_csa_logger_372963-c a-aui_launch_2021_ally_fixes_392482-c a-aui_pci_risk_banner_210084-c a-aui_preload_261698-c a-aui_rel_noreferrer_noopener_309527-c a-aui_template_weblab_cache_333406-c a-aui_tnr_v2_180836-c a-meter-animate"><div id="a-page"><script type="a-state" data-a-state="{&quot;key&quot;:&quot;a-wlab-states&quot;}">{"AUI_TNR_V2_180836":"C","AUI_ACCORDION_A11Y_ROLE_354025":"C","AUI_PRELOAD_261698":"C","AUI_LAUNCH_2021_ALLY_FIXES_392482":"C","AUI_TEMPLATE_WEBLAB_CACHE_333406":"C","AUI_72554":"C","AUI_KILLSWITCH_CSA_LOGGER_372963":"C","AUI_REL_NOREFERRER_NOOPENER_309527":"C","AUI_PCI_RISK_BANNER_210084":"C"}</script><script>typeof uex === 'function' && uex('ld', 'portal-bb', {wb: 1})</script><!-- sp:end-feature:start-body -->
    <img height="1" width="1" style="display:none;visibility:hidden;" src="//fls-eu.amazon.in/1/batch/1/OP/A21TJRUUN4KGV:262-1911976-2471830:BHPJXCXEQ08Q3G08SG3Z$uedata=s:%2Frd%2Fuedata%3Fstaticb%26id%3DBHPJXCXEQ08Q3G08SG3Z:0" alt="" onload="window.ue_sbl &amp;&amp; window.ue_sbl();">


<script>
!function(){function n(n,t){var r=i(n);return t&&(r=r("instance",t)),r}var r=[],c=0,i=function(t){return function(){var n=c++;return r.push([t,[].slice.call(arguments,0),n,{time:Date.now()}]),i(n)}};n._s=r,this.csa=n}();;
csa('Config', {});
if (window.csa) {
    csa("Config", {
        'Application': 'Retail:Prod:www.amazon.in',
        'Events.Namespace': 'csa',
        'ObfuscatedMarketplaceId': 'A21TJRUUN4KGV',
        'Events.SushiEndpoint': 'https://unagi.amazon.in/1/events/com.amazon.csm.csa.prod',
        'CacheDetection.RequestID': "BHPJXCXEQ08Q3G08SG3Z",
        'CacheDetection.Callback': window.ue && ue.reset,
        'LCP.elementDedup': 1
    });

    csa("Events")("setEntity", {
        page: {requestId: "BHPJXCXEQ08Q3G08SG3Z", meaningful: "interactive"},
        session: {id: "262-1911976-2471830"}
    });
}
!function(i){var r,e,o="splice",u=i.csa,f={},c={},a=i.csa._s,s=0,l=0,g=-1,h={},d={},v={},n=Object.keys,p=function(){};function t(n,t){return u(n,t)}function m(n,t){var i=c[n]||{};O(i,t),c[n]=i,l++,S(U,0)}function w(n,t,i){var r=!0;return t=D(t),i&&i.buffered&&(r=(v[n]||[]).every(function(n){return!1!==t(n)})),r?(h[n]||(h[n]=[]),h[n].push(t),function(){!function(n,t){var i=h[n];i&&i[o](i.indexOf(t),1)}(n,t)}):p}function b(n,t){if(t=D(t),n in d)return t(d[n]),p;return w(n,function(n){return t(n),!1})}function E(n,t){if(u("Errors")("logError",n),f.DEBUG)throw t||n}function y(){return Math.abs(4294967295*Math.random()|0).toString(36)}function D(n,t){return function(){try{return n.apply(this,arguments)}catch(n){E(n.message||n,n)}}}function S(n,t){return i.setTimeout(D(n),t)}function U(){for(var n=0;n<a.length;){var t=a[n],i=t[0]in c;if(!i&&!e)return void(s=f.AddMissingPluginsToEnd?a.length:t.length);i?(a[o](s=n,1),I(t)):n++}g=l}function I(n){var arguments,t=c[n[0]],i=(arguments=n[1])[0];if(!t||!t[i])return E("Undefined function: "+t+"/"+i);r=n[3],c[n[2]]=t[i].apply(t,arguments.slice(1))||{},r=0}function M(){e=1,U()}function O(t,i){n(i).forEach(function(n){t[n]=i[n]})}b("$beforeunload",M),m("Config",{instance:function(n){O(f,n)}}),u.plugin=D(function(n){n(t)}),t.config=f,t.register=m,t.on=w,t.once=b,t.blank=p,t.emit=function(n,t,i){for(var r=h[n]||[],e=0;e<r.length;)!1===r[e](t)?r[o](e,1):e++;d[n]=t||{},i&&i.buffered&&(v[n]||(v[n]=[]),100<=v[n].length&&v[n].shift(),v[n].push(t||{}))},t.UUID=function(){return[y(),y(),y(),y()].join("-")},t.time=function(n){var t=r?new Date(r.time):new Date;return"ISO"===n?t.toISOString():t.getTime()},t.error=E,t.warn=function(n,t){if(u("Errors")("logWarn",n),f.DEBUG)throw t||n},t.exec=D,t.timeout=S,t.interval=function(n,t){return i.setInterval(D(n),t)},(t.global=i).csa._s.push=function(n){n[0]in c&&(!a.length||e)?(I(n),a.length&&g!==l&&U()):a[o](s++,0,n)},U(),S(function(){S(M,f.SkipMissingPluginsTimeout||5e3)},1)}("undefined"!=typeof window?window:global);csa.plugin(function(o){var f="addEventListener",e="requestAnimationFrame",t=o.exec,r=o.global,u=o.on;o.raf=function(n){if(r[e])return r[e](t(n))},o.on=function(n,e,t,r){if(n&&"function"==typeof n[f]){var i=o.exec(t);return n[f](e,i,r),function(){n.removeEventListener(e,i,r)}}return"string"==typeof n?u(n,e,t,r):o.blank}});csa.plugin(function(o){var t,n,r={},e="localStorage",c="sessionStorage",a="local",i="session",u=o.exec;function s(e,t){var n;try{r[t]=!!(n=o.global[e]),n=n||{}}catch(e){r[t]=!(n={})}return n}function f(){t=t||s(e,a),n=n||s(c,i)}function l(e){return e&&e[i]?n:t}o.store=u(function(e,t,n){f();var o=l(n);return e?t?void(o[e]=t):o[e]:Object.keys(o)}),o.storageSupport=u(function(){return f(),r}),o.deleteStored=u(function(e,t){f();var n=l(t);if("function"==typeof e)for(var o in n)n.hasOwnProperty(o)&&e(o,n[o])&&delete n[o];else delete n[e]})});csa.plugin(function(o){function r(n){return function(r){o("Metrics",{producerId:"csa",dimensions:{message:r}})("recordMetric",n,1)}}o.register("Errors",{logError:r("jsError"),logWarn:r("jsWarn")})});csa.plugin(function(r){var o,e,a,n,t,i="willDisappear",f=r.global,p=r.exec,u=r("Events"),c=f.location,d=f.document,l=((f.performance||{}).navigation||{}).type,s=r.on,g=r.emit,$={};c&&d&&(s(f,"beforeunload",b),s(f,"pagehide",b),e=f.app||{},a=p(b),t="function"==typeof(n=e[i]),e[i]=p(function(){a(),t&&n()}),f.app||(f.app=e),"complete"===d.readyState?y():s(f,"load",y),r.register("SPA",{newPage:h}),h({transitionType:{0:"hard",1:"refresh",2:"back-button"}[l]||"unknown"}));function h(a,e){var n=!!o,t=(e=e||{}).keepPageAttributes;n&&(g("$beforePageTransition"),g("$pageTransition")),n&&!t&&u("removeEntity","page"),o=r.UUID(),t?$.id=o:$={schemaId:"<ns>.PageEntity.1",id:o,url:c.href,server:c.hostname,path:c.pathname,referrer:d.referrer,title:d.title},Object.keys(a||{}).forEach(function(e){$[e]=a[e]}),u("setEntity",{page:$}),g("$pageChange",$,{buffered:1}),n&&g("$afterPageTransition")}function y(){g("$load"),g("$ready"),g("$afterload")}function b(){g("$ready"),g("$beforeunload"),g("$unload"),g("$afterunload")}});csa.plugin(function(c){var t="Events",e="UNKNOWN",a="id",u="all",n="messageId",i="timestamp",f="producerId",o="application",r="obfuscatedMarketplaceId",s="entities",d="schemaId",l="version",p="attributes",v="<ns>",g=c.config,h=(c.global.location||{}).host,m=g[t+".Namespace"]||"csa_other",I=g.Application||"Other"+(h?":"+h:""),b=c("Transport"),y={},O=function(t,e){Object.keys(t).forEach(e)};function E(n,i,o){O(i,function(t){var e=o===u||(o||{})[t];t in n||(n[t]={version:1,id:i[t][a]||c.UUID()}),U(n[t],i[t],e)})}function U(e,n,i){O(n,function(t){!function(t,e,n){return"string"!=typeof e&&t!==l?c.error("Attribute is not of type string: "+t):!0===n||1===n||(t===a||!!~(n||[]).indexOf(t))}(t,n[t],i)||(e[t]=n[t])})}function N(o,t,r){O(t,function(t){var e=o[t];if(e[d]){var n={},i={};n[a]=e[a],n[f]=e[f]||r,n[d]=e[d],n[l]=e[l]++,n[p]=i,S(n),U(i,e,1),k(i),b("log",n)}})}function S(t){t[i]=function(t){return"number"==typeof t&&(t=new Date(t).toISOString()),t||c.time("ISO")}(t[i]),t[n]=t[n]||c.UUID(),t[o]=I,t[r]=g.ObfuscatedMarketplaceId||e,t[d]=t[d].replace(v,m)}function k(t){delete t[l],delete t[d],delete t[f]}function w(o){var r={};this.log=function(t,e){var n={},i=(e||{}).ent;return t?"string"!=typeof t[d]?c.error("A valid schema id is required for the event"):(S(t),E(n,y,i),E(n,r,i),E(n,t[s]||{},i),O(n,function(t){k(n[t])}),t[f]=o[f],t[s]=n,void b("log",t)):c.error("The event cannot be undefined")},this.setEntity=function(t){E(r,t,u),N(r,t,o[f])}}g["KillSwitch."+t]||c.register(t,{setEntity:function(t){E(y,t,u),N(y,t,"csa")},removeEntity:function(t){delete y[t]},instance:function(t){return new w(t)}})});csa.plugin(function(s){var c,g="Transport",l="post",f="preflight",r="csa.cajun.",i="store",a="deleteStored",u="sendBeacon",t="__merge",e="messageId",n=".FlushInterval",o=0,d=s.config[g+".BufferSize"]||2e3,h=s.config[g+".RetryDelay"]||1500,p={},v=0,y=[],m=s.global,E=m.document,b=s.timeout,k=m.Object.keys,w=s.config[g+n]||5e3,I=w,O=s.config[g+n+".BackoffFactor"]||1,R=s.config[g+n+".BackoffLimit"]||3e4,S=0;function B(n){if(864e5<s.time()-+new Date(n.timestamp))return s.warn("Event is too old: "+n);v<d&&(n[e]in p||(p[n[e]]=n,v++),"function"==typeof n[t]&&n[t](p[n[e]]),!S&&o&&(S=b(T,function(){var n=I;return I=Math.min(n*O,R),n}())))}function T(){y.forEach(function(e){var o=[];k(p).forEach(function(n){var t=p[n];e.accepts(t)&&o.push(t)}),o.length&&(e.chunks?e.chunks(o).forEach(function(n){D(e,n)}):D(e,o))}),p={},S=0}function D(t,e){function o(){s[a](r+n)}var n=s.UUID();s[i](r+n,JSON.stringify(e)),[function(n,t,e){var o=m.navigator||{},r=m.cordova||{};if(!o[u]||!n[l])return 0;n[f]&&r&&"ios"===r.platformId&&!c&&((new Image).src=n[f]().url,c=1);var i=n[l](t);if(!i.type&&o[u](i.url,i.body))return e(),1},function(n,t,e){if(!n[l])return 0;var o=n[l](t),r=o.url,i=o.body,c=o.type,f=new XMLHttpRequest,a=0;function u(n,t,e){f.open("POST",n),f.withCredentials=!0,e&&f.setRequestHeader("Content-Type",e),f.send(t)}return f.onload=function(){f.status<299?e():s.config[g+".XHRRetries"]&&a<3&&b(function(){u(r,i,c)},++a*h)},u(r,i,c),1}].some(function(n){try{return n(t,e,o)}catch(n){}})}k&&(s.once("$afterload",function(){o=1,function(e){(s[i]()||[]).forEach(function(n){if(!n.indexOf(r))try{var t=s[i](n);s[a](n),JSON.parse(t).forEach(e)}catch(n){s.error(n)}})}(B),s.on(E,"visibilitychange",T,!1),T()}),s.once("$afterunload",function(){o=1,T()}),s.on("$afterPageTransition",function(){v=0,I=w}),s.register(g,{log:B,register:function(n){y.push(n)}}))});csa.plugin(function(n){var r=n.config["Events.SushiEndpoint"];n("Transport")("register",{accepts:function(n){return n.schemaId},post:function(n){var t=n.map(function(n){return{data:n}});return{url:r,body:JSON.stringify({events:t})}},preflight:function(){var n,t=/\/\/(.*?)\//.exec(r);return t&&t[1]&&(n="https://"+t[1]+"/ping"),{url:n}},chunks:function(n){for(var t=[];500<n.length;)t.push(n.splice(0,500));return t.push(n),t}})});csa.plugin(function(n){var t,a,o,r,e=n.config,i="PageViews",d=e[i+".ImpressionMinimumTime"]||1e3,s="hidden",c="innerHeight",g="innerWidth",l="renderedTo",f=l+"Viewed",m=l+"Meaningful",u=l+"Impressed",p=1,v=2,h=3,w=4,y=5,P="loaded",I=7,T=8,b=n.global,E=n.on,V=n("Events",{producerId:"csa"}),$=b.document,M={},S={},H=y;function K(e){if(!M[I]){var i;if(M[e]=n.time(),e!==h&&e!==P||(t=t||M[e]),t&&H===w)a=a||M[e],(i={})[m]=t-o,i[f]=a-o,R("PageView.4",i),r=r||n.timeout(j,d);if(e!==y&&e!==p&&e!==v||(clearTimeout(r),r=0),e!==p&&e!==v||R("PageRender.3",{transitionType:e===p?"hard":"soft"}),e===I)(i={})[m]=t-o,i[f]=a-o,i[u]=M[e]-o,R("PageImpressed.2",i)}}function R(e,i){S[e]||(i.schemaId="<ns>."+e,V("log",i,{ent:"all"}),S[e]=1)}function W(){0===b[c]&&0===b[g]?(H=T,n("Events")("setEntity",{page:{viewport:"hidden-iframe"}})):H=$[s]?y:w,K(H)}function j(){K(I),r=0}function k(){var e=o?v:p;M={},S={},a=t=0,o=n.time(),K(e),W()}function q(){var e=$.readyState;"interactive"===e&&K(h),"complete"===e&&K(P)}e["KillSwitch."+i]||($&&void 0!==$[s]?(k(),E($,"visibilitychange",W,!1),E($,"readystatechange",q,!1),E("$afterPageTransition",k),E("$timing:loaded",q),n.once("$load",q)):n.warn("Page visibility not supported"))});csa.plugin(function(c){var s=c.config["Interactions.ParentChainLength"]||15,e="click",r="touches",f="timeStamp",o="length",u="pageX",g="pageY",p="pageXOffset",h="pageYOffset",m=250,v=5,d=200,l=.5,t={capture:!0,passive:!0},X=c.global,Y=c.emit,n=c.on,x=X.Math.abs,a=(X.document||{}).documentElement||{},y={x:0,y:0,t:0,sX:0,sY:0},N={x:0,y:0,t:0,sX:0,sY:0};function b(t){if(t.id)return"//*[@id='"+t.id+"']";var e=function(t){var e,n=1;for(e=t.previousSibling;e;e=e.previousSibling)e.nodeName===t.nodeName&&(n+=1);return n}(t),n=t.nodeName;return 1!==e&&(n+="["+e+"]"),t.parentNode&&(n=b(t.parentNode)+"/"+n),n}function I(t,e,n){var a=c("Content",{target:n}),i={schemaId:"<ns>.ContentInteraction.1",interaction:t,interactionData:e,messageId:c.UUID()};if(n){var r=b(n);r&&(i.attribution=r);var o=function(t){for(var e=t,n=e.tagName,a=!1,i=t?t.href:null,r=0;r<s;r++){if(!e||!e.parentElement){a=!0;break}n=(e=e.parentElement).tagName+"/"+n,i=i||e.href}return a||(n=".../"+n),{pc:n,hr:i}}(n);o.pc&&(i.interactionData.parentChain=o.pc),o.hr&&(i.interactionData.href=o.hr)}a("log",i),Y("$content.interaction",i)}function i(t){I(e,{interactionX:""+t.pageX,interactionY:""+t.pageY},t.target)}function C(t){if(t&&t[r]&&1===t[r][o]){var e=t[r][0];N=y={e:t.target,x:e[u],y:e[g],t:t[f],sX:X[p],sY:X[h]}}}function D(t){if(t&&t[r]&&1===t[r][o]&&y&&N){var e=t[r][0],n=t[f],a=n-N.t,i={e:t.target,x:e[u],y:e[g],t:n,sX:X[p],sY:X[h]};N=i,d<=a&&(y=i)}}function E(t){if(t){var e=x(y.x-N.x),n=x(y.y-N.y),a=x(y.sX-N.sX),i=x(y.sY-N.sY),r=t[f]-y.t;if(m<1e3*e/r&&v<e||m<1e3*n/r&&v<n){var o=n<e;o&&a&&e*l<=a||!o&&i&&n*l<=i||I((o?"horizontal":"vertical")+"-swipe",{interactionX:""+y.x,interactionY:""+y.y,endX:""+N.x,endY:""+N.y},y.e)}}}n(a,e,i,t),n(a,"touchstart",C,t),n(a,"touchmove",D,t),n(a,"touchend",E,t)});csa.plugin(function(t){var n,r,i,s="MutationObserver",e="PerformanceObserver",u="observe",o="disconnect",f="scroll",a=t.global,c=a.document,l=c.body||c.documentElement,p=Date.now,b=[],d=[],g=[],m=0,y=0,v=0,O=t.blank;function h(e){b.push({t:p(),m:e})}function w(e){d.push({t:p(),m:e}),v=1,n&&n()}function E(){v&&(g.push({t:p(),y:y}),y=a.pageYOffset,v=0)}function T(e){m=e,(r=new a[s](w))[u](l,{childList:!0,subtree:!0}),(i=new a[s](h))[u](l,{attributes:!0,subtree:!0,attributeFilter:["src"],attributeOldValue:!0}),O=t.on(a,f,E,{passive:!0})}p&&a[s]&&(t.config["VisualReady.CollectAfterPaint"]?a[e]&&~(a[e].supportedEntryTypes||[]).indexOf("paint")?new a[e](function(e){T(((e.getEntries()||[])[0]||{}).startTime||p())})[u]({entryTypes:["paint"],buffered:!0}):t.raf(T):T(0),t.register("SpeedIndexBuffers",{getBuffers:function(e){e&&(E(),e(m,b,d,g),r&&r[o](),i&&i[o](),O())},registerListener:function(e){n=e}}))});
csa.plugin(function(b){var a=b.global,c=a.uet,e=a.uex,f=a.ue,a=a.Object,g={largestContentfulPaint:"lcp",speedIndex:"si",atfSpeedIndex:"atfsi",visuallyLoaded50:"vl50",visuallyLoaded90:"vl90",visuallyLoaded100:"vl100"};b&&c&&e&&a.keys&&f&&a.keys(g).forEach(function(a){b.on("$timing:"+a,function(b){var d=g[a];if(f.isl){var h="csa:"+d;c(d,h,void 0,b);e("at",h)}else c(d,void 0,void 0,b)})})});

</script>
<script>window.ue && ue.count && ue.count('CSMLibrarySize', 13428)</script>
<!-- sp:feature:nav-inline-js -->
<!-- NAVYAAN JS -->
<script type="text/javascript">!function(n){function e(n,e){return{m:n,a:function(n){return[].slice.call(n)}(e)}}document.createElement("header");var r=function(n){function u(n,r,u){n[u]=function(){a._replay.push(r.concat(e(u,arguments)))}}var a={};return a._sourceName=n,a._replay=[],a.getNow=function(n,e){return e},a.when=function(){var n=[e("when",arguments)],r={};return u(r,n,"run"),u(r,n,"declare"),u(r,n,"publish"),u(r,n,"build"),r},u(a,[],"declare"),u(a,[],"build"),u(a,[],"publish"),u(a,[],"importEvent"),r._shims.push(a),a};r._shims=[],n.$Nav||(n.$Nav=r("rcx-nav")),n.$Nav.make||(n.$Nav.make=r)}(window)</script><script type="text/javascript">
$Nav.importEvent('navbarJS-beaconbelt');
$Nav.declare('img.sprite', {
  'png32': 'https://images-eu.ssl-images-amazon.com/images/G/31/gno/sprites/nav-sprite-global-1x-hm-dsk-reorg._CB405936311_.png',
  'png32-2x': 'https://images-eu.ssl-images-amazon.com/images/G/31/gno/sprites/nav-sprite-global-2x-hm-dsk-reorg._CB405936311_.png'
});
$Nav.declare('img.timeline', {
  'timeline-icon-2x': 'https://images-eu.ssl-images-amazon.com/images/G/31/gno/sprites/timeline_sprite_2x._CB443580981_.png'
});
window._navbarSpriteUrl = 'https://images-eu.ssl-images-amazon.com/images/G/31/gno/sprites/nav-sprite-global-1x-hm-dsk-reorg._CB405936311_.png';
$Nav.declare('img.pixel', 'https://images-eu.ssl-images-amazon.com/images/G/31/x-locale/common/transparent-pixel._CB485934990_.gif');
</script>
<img src="https://images-eu.ssl-images-amazon.com/images/G/31/gno/sprites/nav-sprite-global-1x-hm-dsk-reorg._CB405936311_.png" style="display:none" alt="">
<script type="text/javascript">var nav_t_after_preload_sprite = + new Date();</script>
<script>
(window.AmazonUIPageJS ? AmazonUIPageJS : P).when('navCF').execute(function() {
  (window.AmazonUIPageJS ? AmazonUIPageJS : P).load.js('https://images-eu.ssl-images-amazon.com/images/I/41cyy9szMwL._RC|71efsmlRFyL.js,01F+A05ogQL.js,016tgkOMMNL.js,61vooZvc21L.js,41gNKoK0s7L.js,115pV8Rl02L.js,21QA-szxgvL.js,11k47yUMOjL.js,41SZNgvX4oL.js,51-xVUkFLqL.js,31sq3pfde4L.js,11-98QAh7gL.js,31k+SiN8mLL.js_.js?AUIClients/NavDesktopUberAsset&x8vfsyzp#desktop.language-en.in.387765-T1.365419-T1.366740-T1.310484-T1');
});
</script>
<!-- sp:end-feature:nav-inline-js -->
<!-- sp:feature:nav-skeleton -->
<!-- sp:end-feature:nav-skeleton -->
<!-- sp:feature:navbar -->

<!--Pilu -->


  <!-- NAVYAAN -->











<!-- navmet initial definition -->



<script type="text/javascript">
    if(window.navmet===undefined) {
      window.navmet=[];
      if (window.performance && window.performance.timing && window.ue_t0) {
        var t = window.performance.timing;
        var now = + new Date();
        window.navmet.basic = {
          'networkLatency': (t.responseStart - t.fetchStart),
          'navFirstPaint': (now - t.responseStart),
          'NavStart': (now - window.ue_t0)
        };
        window.navmet.push({key:"NavFirstPaintStart",end:+new Date(),begin:window.ue_t0});
      }
    }
    if (window.ue_t0) {
      window.navmet.push({key:"NavMainStart",end:+new Date(),begin:window.ue_t0});
    }
</script>




<script type="text/javascript">window.navmet.tmp=+new Date();</script>
  <script type="text/javascript">
    // Nav start should be logged at this place only if request is NOT progressively loaded.
    // For progressive loading case this metric is logged as part of skeleton.
    // Presence of skeleton signals that request is progressively loaded.
    if(!document.getElementById("navbar-skeleton")) {
      window.uet && uet('ns');
    }
    window._navbar = (function (o) {
      o.componentLoaded = o.loading = function(){};
      o.browsepromos = {};
      o.issPromos = [];
      return o;
    }(window._navbar || {}));
    window._navbar.declareOnLoad = function () { window.$Nav && $Nav.declare('page.load'); };
    if (window.addEventListener) {
      window.addEventListener("load", window._navbar.declareOnLoad, false);
    } else if (window.attachEvent) {
      window.attachEvent("onload", window._navbar.declareOnLoad);
    } else if (window.$Nav) {
      $Nav.when('page.domReady').run("OnloadFallbackSetup", function () {
        window._navbar.declareOnLoad();
      });
    }
    window.$Nav && $Nav.declare('logEvent.enabled',
      'false');

    window.$Nav && $Nav.declare('config.lightningDeals', {});
  </script>

    <style mark="aboveNavInjectionCSS" type="text/css">
      .nav-bluebeacon .nav-cobrand{background-image: url(https://images-eu.ssl-images-amazon.com/images/G/31/gno/images/irctc/IRCTC_Logo-dark-small.png);} div.navFooterLine{white-space:normal;} div.navFooterColHead{white-space:normal;}
    </style>
    <script mark="aboveNavInjectionJS" type="text/javascript">
      try {
[...]
nction(e,n){return u(0,n-(e||f))}(d(),t),e.markerTimestamps[n]=l(t)},markers:{},markerTimestamps:{},navigationStartTimestamp:d()?new Date(d()).toISOString():null,schemaId:e.schemaId},{ent:a})}),t},n(),c.on("$beforePageTransition",n)}function E(e,n){e===m&&(f=n);var t=p.mark(e,n);c.emit("$timing:"+e,t)}function I(){if(!v){for(var e=0;e<a.length;e++)r[a[e]]&&E(a[e],r[a[e]]);v=1}}function h(){return!d.hidden||"visible"===d.visibilityState}});csa.plugin(function(t){var a,f="length",u="parentElement",i="target",r="getEntriesByName",o="_osrc",c="_elt",d="_eid",l=10,g=5,h=10,s=100,m=t.global,n=t.timeout,e=m.Math,p=e.max,v=e.floor,y=e.ceil,E=m.document,S=m.performance||{},x=(S.timing||{}).navigationStart,O=Date.now,w=Object.values||(t.types||{}).ovl,T=t("PageTiming"),N=t("SpeedIndexBuffers"),I=[],b=[],k=[],B=[],H=[],L=.1,W=.1,_=0,C=0,P=!0,R=0,X=0,Y=0,$=0,F=1,J=0,M={},V=[],j=0;function D(){for(var e=O(),n=0;a;){if(0!==a[f]){if(!1!==a.h(a[0])&&a.shift(),n++,!Y&&n%l==0&&O()-e>g)break}else a=a.n}_=0,a&&0<a[f]&&(_=_||t.raf(D))}function q(e,n,t,i){J=v(e),I=n,b=t,H=i;var r=E.createTreeWalker(E.body,NodeFilter.SHOW_TEXT,null,null),o={w:m.innerWidth,h:m.innerHeight,x:m.pageXOffset,y:m.pageYOffset};E.body[c]=e,k.push({w:r,vp:o}),B.push({img:E.images,iter:0}),I.h=z,(I.n=b).h=A,(b.n=k).h=G,(k.n=B).h=K,(B.n=H).h=Q,a=I,D()}function z(e){e.m.forEach(function(e){var n=e[i];o in n||(n[o]=e.oldValue)})}function A(n){n.m.forEach(function(e){e[i][c]=n.t-x})}function G(e){for(var n,t=e.vp,i=e.w,r=l;(n=i.nextNode())&&0<r;){r-=1;var o=(n[u]||{}).nodeName;"SCRIPT"!==o&&"STYLE"!==o&&"NOSCRIPT"!==o&&0!==(n.nodeValue||"").trim()[f]&&ee(n[u],U(n),t)}return!n}function K(e){for(var n,t={w:m.innerWidth,h:m.innerHeight,x:m.pageXOffset,y:m.pageYOffset},i=l;e.iter<e.img[f]&&0<i;){var r=e.img[e.iter];ee(r,Z((n=r)[o],n)||Z(n.currentSrc,n)||Z(n.src,n),t),e.iter+=1,i-=1}return e.img[f]<=e.iter}function Q(e){var n=[],i=0,r=0,o=C,t=v(e.y/s),a=y((e.y+m.innerHeight)/s);V.slice(t,a).forEach(function(e){(e.elems||[]).forEach(function(e){e.lt in n||(n[e.lt]={}),e.id in n[e.lt]||(i+=(n[e.lt][e.id]=e).a)})}),w(n).forEach(function(e){w(e).forEach(function(e){var n=1-r/i,t=p(e.lt,o);j+=n*(t-o),o=t,function(e,n){for(;L<=1&&L-.01<=e;)ne("visuallyLoaded"+(100*L).toFixed(0),n),L+=W}((r+=e.a)/i,e.lt)})}),C=e.t-x,H[f]<=1&&(ne("speedIndex",j),ne("visuallyLoaded0",J)),P&&(P=!1,ne("atfSpeedIndex",j))}function U(e){for(var n=e[u],t=h;n&&0<t;){if(n[c]||0===n[c])return p(n[c],J);n=n.parentElement,t-=1}}function Z(e,n){if(e){if(!e.indexOf("data:"))return U(n);var t=S[r](e)||[];if(0<t[f])return p(y(t[0].responseEnd||0),J)}}function ee(e,n,t){if((n||0===n)&&!e[d]){var i=e.getBoundingClientRect(),r=i.width*i.height,o=i.width/2,a=F++;if(0!=r&&!(o<i.right-t.w||i.right<o)){for(var f={e:e,lt:n,a:r,id:a},u=v((i.top+t.y)/s),c=y((i.top+t.y+i.height)/s),l=u;l<=c;l++)l in V||(V[l]={elems:[],lt:0}),V[l].elems.push(f);e[d]=a}}}function ne(e,n){T("mark",e,x+y((M[e]=n)||0))}function te(){$||(N("getBuffers",q),$=1)}x&&w&&S[r]&&(N("registerListener",function(e){X&&(clearTimeout(R),R=n(te,2500))}),t.once("$unload",function(){Y=1,te()}),t.once("$load",function(){X=1,R=n(te,2500)}),t.once("$timing:functional",te),t.register("SpeedIndex",{getMarkers:function(e){e&&e(JSON.parse(JSON.stringify(M)))}}))});csa.plugin(function(e){var m=!!e.config["LCP.elementDedup"],t=!1,n=e("PageTiming"),r=e.global.PerformanceObserver,a=e.global.performance;function i(){return a.timing.navigationStart}function o(){t||function(o){var l=new r(function(e){var t=e.getEntries();if(0!==t.length){var n=t[t.length-1];if(m&&""!==n.id&&n.element&&"IMG"===n.element.tagName){for(var r={},a=t[0],i=0;i<t.length;i++)t[i].id in r||(""!==t[i].id&&(r[t[i].id]=!0),a.startTime<t[i].startTime&&(a=t[i]));n=a}l.disconnect(),o({startTime:n.startTime,renderTime:n.renderTime,loadTime:n.loadTime})}});try{l.observe({type:"largest-contentful-paint",buffered:!0})}catch(e){}}(function(e){e&&(t=!0,n("mark","largestContentfulPaint",Math.floor(e.startTime+i())),e.renderTime&&n("mark","largestContentfulPaint.render",Math.floor(e.renderTime+i())),e.loadTime&&n("mark","largestContentfulPaint.load",Math.floor(e.loadTime+i())))})}r&&a&&a.timing&&(e.once("$unload",o),e.once("$load",o),e.register("LargestContentfulPaint",{}))});csa.plugin(function(r){var e=r("Metrics",{producerId:"csa"}),n=r.global.PerformanceObserver;n&&(n=new n(function(r){var t=r.getEntries();if(0===t.length||!t[0].processingStart||!t[0].startTime)return;!function(r){r=r||0,n.disconnect(),0<=r?e("recordMetric","firstInputDelay",r):e("recordMetric","firstInputDelay.invalid",1)}(t[0].processingStart-t[0].startTime)}),function(){try{n.observe({type:"first-input",buffered:!0})}catch(r){}}())});csa.plugin(function(d){var e="Metrics",u=0;function r(e){var i,r=e.producerId,n=e.logger,t=n||d("Events",{producerId:r}),c=(e||{}).dimensions||{},o=-1;if(!r&&!n)return d.error("Either a producer id or custom logger must be defined");function s(){o!==u&&(i=d.UUID(),o=u)}this.recordMetric=function(r,n){s(),t("log",{messageId:i,schemaId:e.schemaId||"<ns>.Metric.3",metrics:{},dimensions:c,__merge:function(e){e.metrics[r]=n}},e.logOptions||{ent:{page:["pageType","subPageType","requestId"]}})}}d.config["KillSwitch."+e]||(new r({producerId:"csa"}).recordMetric("baselineMetricEvent",1),d.on("$beforePageTransition",function(){u++}),d.register(e,{instance:function(e){return new r(e||{})}}))});csa.plugin(function(t){var a,r=(t.global.performance||{}).timing,s=(r||{}).navigationStart||t.time();function e(){a=t.UUID()}function n(i){var r=(i=i||{}).producerId,e=i.logger,o=e||t("Events",{producerId:r});if(!r&&!e)return t.error("Either a producer id or custom logger must be defined");this.mark=function(e,r){var n=(void 0===r?t.time():r)-s;o("log",{messageId:a,schemaId:i.schemaId||"<ns>.Timer.1",markers:{},__merge:function(r){r.markers[e]=n}},i.logOptions)}}r&&(e(),t.on("$beforePageTransition",e),t.register("Timers",{instance:function(r){return new n(r||{})}}))});csa.plugin(function(t){var e="takeRecords",i="disconnect",n="function",o=t("Metrics",{producerId:"csa"}),c=t("PageTiming"),a=t.global,u=t.timeout,r=t.on,f=a.PerformanceObserver,m=0,l=!1,s=0,d=a.performance,h=a.document,v=null,y=!1,g=t.blank;function p(){l||(l=!0,clearTimeout(v),typeof f[e]===n&&f[e](),typeof f[i]===n&&f[i](),o("recordMetric","documentCumulativeLayoutShift",m),c("mark","cumulativeLayoutShiftLastTimestamp",Math.floor(s+d.timing.navigationStart)))}f&&d&&d.timing&&h&&(f=new f(function(t){v&&clearTimeout(v);t.getEntries().forEach(function(t){t.hadRecentInput||(m+=t.value,s<t.startTime&&(s=t.startTime))}),v=u(p,5e3)}),function(){try{f.observe({type:"layout-shift",buffered:!0}),v=u(p,5e3)}catch(t){}}(),g=r(h,"click",function(t){y||(y=!0,o("recordMetric","documentCumulativeLayoutShiftToFirstInput",m),g())}),r(h,"visibilitychange",function(){"hidden"===h.visibilityState&&p()}),t.once("$unload",p))});csa.plugin(function(e){var t,n=e.global,r=n.PerformanceObserver,c=e("Metrics",{producerId:"csa"}),o=0,i=0,a=-1,l=n.Math,f=l.max,u=l.ceil;if(r){t=new r(function(e){e.getEntries().forEach(function(e){var t=e.duration;o+=t,i+=t,a=f(t,a)})});try{t.observe({type:"longtask",buffered:!0})}catch(e){}t=new r(function(e){0<e.getEntries().length&&(i=0,a=-1)});try{t.observe({type:"largest-contentful-paint",buffered:!0})}catch(e){}e.on("$unload",g),e.on("$beforePageTransition",g)}function g(){c("recordMetric","totalBlockingTime",u(i||0)),c("recordMetric","totalBlockingTimeInclLCP",u(o||0)),c("recordMetric","maxBlockingTime",u(a||0)),i=o=0,a=-1}});csa.plugin(function(r){var e="CacheDetection",o="csa-ctoken-",n=r.store,t=r.deleteStored,c=r.config,a=c[e+".RequestID"],i=c[e+".Callback"],s=r.global,u=s.document||{},d=s.Date,f=r("Events"),l=r("Events",{producerId:"csa"});function p(e){try{var n=u.cookie.match(RegExp("(^| )"+e+"=([^;]+)"));return n&&n[2].trim()}catch(e){}}!function(){var e=function(){var e=p("cdn-rid");if(e)return{r:e,s:"cdn"}}()||function(){if(r.store(o+a))return{r:r.UUID().toUpperCase().replace(/-/g,"").slice(0,20),s:"device"}}()||{},n=e.r,c=e.s;if(!!n){var t=p("session-id");!function(e,n,c,t){f("setEntity",{page:{pageSource:"cache",requestId:e,cacheRequestId:a,cacheSource:t},session:{id:c}})}(n,0,t,c),"device"===c&&l("log",{schemaId:"<ns>.CacheImpression.1"},{ent:"all"}),i&&i(n,t,c)}}(),n(o+a,d.now()+36e5),r.once("$load",function(){var c=d.now();t(function(e,n){return 0==e.indexOf(o)&&parseInt(n)<c})})});csa.plugin(function(u){var i,t="Content",e="MutationObserver",n="addedNodes",a="querySelectorAll",s="matches",r="getAttributeNames",o="getAttribute",f="dataset",c="widget",l="producerId",d={ent:{element:1,page:["pageType","subPageType","requestId"]}},h=5,g=u.config[t+".BubbleUp.SearchDepth"]||20,m="csaC",p=m+"Id",y={},v=u.config,b=v[t+".Selectors"]||[],E=v[t+".WhitelistedAttributes"]||{href:1,class:1},I=v[t+".EnableContentEntities"],w=v[t+".EnableContentRenders"],C=v["KillSwitch.ContentRendered"],A=u.global,U=A.document||{},k=U.documentElement,L=A.HTMLElement,N={},O=[],S=function(t,e,n,i){var r=this,o=u("Events",{producerId:t||"csa"});e.type=e.type||c,r.id=e.id,r.l=o,r.e=e,r.el=n,r.rt=i,r.dlo=d,r.log=function(t,e){o("log",t,e||d)},e.id&&o("setEntity",{element:e})},D=S.prototype;function R(t){var e=(t=t||{}).element,n=t.target;return e?function(t,e){var n;n=t instanceof L?H(t)||_(e[l],t,K,u.time()):N[t.id]||B(e[l],0,t,u.time());return n}(e,t):n?T(n):u.error("No element or target argument provided.")}function T(t){var e=function(t){var e=null,n=0;for(;t&&n<g;){if(n++,j(t,p)){e=t;break}t=t.parentElement}return e}(t);return e?H(e):new S("csa",{id:null},null,u.time())}function j(t,e){if(t&&t.dataset)return t.dataset[e]}function q(t,e,n){O.push({n:n,e:t,t:e}),M()}function x(){for(var t=u.time(),e=0;0<O.length;){var n=O.shift();if(y[n.n](n.e,n.t),++e%10==0&&u.time()-t>h)break}i=0,O.length&&M()}function M(){i=i||u.raf(x)}function $(t,e,n){return{n:t,e:e,t:n}}function _(t,e,n,i){var r=u.UUID(),o={id:r},c=T(e);return e[f][p]=r,n(o,e),c&&c.id&&(o.parentId=c.id),B(t,e,o,i)}function B(t,e,n,i){I&&(n.schemaId="<ns>.ContentEntity.2"),n.id=n.id||u.UUID();var r=new S(t,n,e,i);return w&&!C&&r.log({schemaId:"<ns>.ContentRender.1",timestamp:i}),u.emit("$content.register",r),N[n.id]=r}function H(t){return N[(t[f]||{})[p]]}function K(t,e){r in e&&(function(n,i){Object.keys(n[f]).forEach(function(t){if(!t.indexOf(m)&&m.length<t.length){var e=function(t){return(t[0]||"").toLowerCase()+t.slice(1)}(t.slice(m.length));i[e]=n[f][t]}})}(e,t),function(e,n){(e[r]()||[]).forEach(function(t){t in E&&(n[t]=e[o](t))})}(e,t))}k&&U[a]&&A[e]&&(b.push({selector:"*[data-csa-c-type]",entity:K}),b.push({selector:".celwidget",entity:function(t,e){K(t,e),t.slotId=t.slotId||e[o]("cel_widget_id")||e.id,t.type=t.type||c}}),y[1]=function(t,e){t.forEach(function(t){t[n]&&t[n].constructor&&"NodeList"===t[n].constructor.name&&Array.prototype.forEach.call(t[n],function(t){O.unshift($(2,t,e))})})},y[2]=function(o,c){a in o&&s in o&&b.forEach(function(t){for(var e=t.selector,n=o[s](e),i=o[a](e),r=i.length-1;0<=r;r--)O.unshift($(3,{e:i[r],s:t},c));n&&O.unshift($(3,{e:o,s:t},c))})},y[3]=function(t,e){var n=t.e;H(n)||_("csa",n,t.s.entity,e)},y[4]=function(){u.register(t,{instance:R})},new A[e](function(t){q(t,u.time(),1)}).observe(k,{childList:!0,subtree:!0}),q(k,u.time(),2),q(null,u.time(),4),u.on("$content.export",function(e){Object.keys(e).forEach(function(t){D[t]=e[t]})}))});csa.plugin(function(n){var i,t="ContentImpressions",e="KillSwitch.",o="IntersectionObserver",r="getAttribute",s="dataset",c="intersectionRatio",a="csaCId",m=1e3,l=n.global,f=n.config,u=f[e+t],g=f[e+t+".ContentViews"],v=((l.performance||{}).timing||{}).navigationStart||n.time(),d={};function h(t){t&&(t.v=1,function(t){t.vt=n.time(),t.el.log({schemaId:"<ns>.ContentView.3",timeToViewed:t.vt-t.el.rt,pageFirstPaintToElementViewed:t.vt-v})}(t))}function I(t){t&&!t.it&&(t.i=n.time()-t.is>m,function(t){t.it=n.time(),t.el.log({schemaId:"<ns>.ContentImpressed.2",timeToImpressed:t.it-t.el.rt,pageFirstPaintToElementImpressed:t.it-v})}(t))}!u&&l[o]&&(i=new l[o](function(t){t.forEach(function(t){var e=function(t){if(t&&t[r])return d[t[s][a]]}(t.target);if(e){var i=t.intersectionRect;t.isIntersecting&&0<i.width&&0<i.height&&(g||e.v||h(e),.5<=t[c]&&!e.is&&(e.is=n.time(),e.timer=n.timeout(function(){I(e)},m))),t[c]<.5&&!e.it&&e.timer&&(l.clearTimeout(e.timer),e.is=0,e.timer=0)}})},{threshold:[0,.5]}),n.on("$content.register",function(t){var e=t.el;e&&(d[t.id]={el:t,v:0,i:0,is:0,vt:0,it:0},i.observe(e))}))});csa.plugin(function(e){e.config["KillSwitch.ContentLatency"]||e.emit("$content.export",{mark:function(t,n){var o=this;o.t||(o.t=e("Timers",{logger:o.l,schemaId:"<ns>.ContentLatency.1",logOptions:o.dlo})),o.t("mark",t,n)}})});csa.plugin(function(o){var t,n,i="normal",s="reload",e="history",d="new-tab",a="ajax",r=1,c=2,u="lastActive",l="lastInteraction",f="used",p="csa-tabbed-browsing",g="visibilityState",v={"back-memory-cache":1,"tab-switch":1,"history-navigation-page-cache":1},b="<ns>.TabbedBrowsing.2",m="visible",y=o.global,I=o("Events",{producerId:"csa"}),h=y.location||{},T=y.document,w=y.JSON,z=((y.performance||{}).navigation||{}).type,P=o.store,S=o.on,k=o.storageSupport(),x=!1,A={},C={},O={},$={},j=!1,q=!1,B=!1;function E(i){try{return w.parse(P(p,void 0,{session:i})||"{}")||{}}catch(i){o.error('Could not parse storage value for key "'+p+'": '+i)}return{}}function J(i,t){P(p,w.stringify(t||{}),{session:i})}function N(i){var t=C.tid||i.id,n=A[u]||{};n.tid===t&&(n.pid=i.id),$={pid:i.id,tid:t,lastInteraction:C[l]||{},initialized:!0},O={lastActive:n,lastInteraction:A[l]||{},time:o.time()}}function D(i){var t=i===d,n=T.referrer,e=!(n&&n.length)||!~n.indexOf(h.origin||""),a=t&&e,r={type:i,toTabId:$.tid,toPageId:$.pid,transitTime:o.time()-A.time||null};a||function(i,t,n){var e=i===s,a=t?A[u]||{}:C,r=A[l]||{},o=C[l]||{},d=t?r:o;n.fromTabId=a.tid,n.fromPageId=a.pid,e||!d.id||d[f]||(n.interactionId=d.id||null,r.id===d.id&&(r[f]=!0),o.id===d.id&&(o[f]=!0))}(i,t,r),I("log",{navigation:r,schemaId:b},{ent:{page:["pageType","subPageType","requestId"]}})}function F(i){B=function(i){return i&&i in v}(i.transitionType),function(){A=E(!1),C=E(!0);var i=A[l],t=C[l],n=!1,e=!1;i&&t&&i.id===t.id&&i[f]!==t[f]&&(n=!i[f],e=!t[f],t[f]=i[f]=!0,n&&J(!1,A),e&&J(!0,C))}(),N(i),j=!0,function(i){var t,n;t=H(),n=K(),(t||n)&&N(i)}(i)}function G(){x&&!B?D(a):(x=!0,D(z===c||B?e:z===r?C.initialized?s:d:C.initialized?i:d))}function H(){return!(!j||!t)&&(C[l]={id:t.messageId,used:!(A[l]={id:t.messageId,used:!1})},!(t=null))}function K(){var i=!1;if(q=T[g]===m,j){var t=A[u]||{};i=function(i,t,n){var e=!1,a=i[u];return q?a&&a.tid===$.tid&&a[m]&&a.pid===n||(i[u]={visible:!0,pid:n,tid:t},e=!0):a&&a.tid===$.tid&&a[m]&&(e=!(a[m]=!1)),e}(A,C.tid||t.tid||$.tid,C.pid||t.pid||$.pid)}return i}k.local&&k.session&&w&&T&&g in T&&(n=function(){try{return y.self!==y.top}catch(i){return!0}}(),S("$pageChange",function(i){n||(F(i),G(),J(!1,O),J(!0,$),C=$,A=O)},{buffered:1}),S("$content.interaction",function(i){t=i,H()&&(J(!1,A),J(!0,C))}),S(T,"visibilitychange",function(){!n&&K()&&J(!1,A)},{capture:!1,passive:!0}))});csa.plugin(function(c){var e=c("Metrics",{producerId:"csa"});c.on(c.global,"pageshow",function(c){c&&c.persisted&&e("recordMetric","bfCache",1)})});csa.plugin(function(e){var n,a,c,r,s,t,u,f,l,p,o,i="hasFocus",m="avail",h="client",d="document",g="inner",v="offset",b="screen",y="scroll",T="Width",w="Height",P=m+T,S=m+w,I=h+T,x=h+w,D=g+T,E=g+w,F=v+T,O=v+w,$=y+T,q=y+w,z=e("Events",{producerId:"csa"}),C=e.global||{},H=e.time,M=e.on,R=e.once,W=C[d]||{},X=C[b]||{},Y=C.Math||{},j=Y.abs,k=Y.max,A=Y.ceil,B=((C.performance||{}).timing||{}).responseStart,G=C.P||{},J=100;function K(){f=a=s=t=n,c=r=0,u=l=p=o=0}function L(){var e=H(),n=j(C.pageXOffset||0),t=j(C.pageYOffset||0),o=C[D]||0,i=C[E]||0;!function(e){B&&!s&&(f=A((s=e)-B))}(e),function(e,n,t){var o=n-c,i=t-r;a&&!(a&&a<=e)||((o||i)&&++u,c=n,r=t,o,i),a=e+J}(e,n,t),function(e,n,t,o,i){l=A(k(l,t+i)),n&&(p=A(k(p,n+o)))}(0,n,t,o,i)}function N(){t&&(o+=A(H()-t),t=n)}function Q(){t=t||H()}function U(e,n,t,o){n[e+T]=A(t||0),n[e+w]=A(o||0)}function V(){var e,n=function(){var e={},n=W.documentElement||{},t=W.body||{};return U("availableScreen",e,X[P],X[S]),U(d,e,k(t[$]||0,t[F]||0,n[I]||0,n[$]||0,n[F]||0),k(t[q]||0,t[O]||0,n[x]||0,n[q]||0,n[O]||0)),U(b,e,X.width,X.height),U("viewport",e,C[D],C[E]),e}();W[i]()&&N(),e={scrollCounts:u,reachedDepth:l,horizontalScrollDistance:p,dwellTime:o},"number"==typeof f&&(e.clientTimeToFirstScroll=f),K(),B=H(),W[i]()&&(t=B),z("log",{activity:e,dimensions:n,schemaId:"<ns>.PageInteractionsSummary.1"},{ent:{page:["pageType","subPageType","requestId"]}})}"function"==typeof W[i]&&(K(),M(C,y,L,{passive:!0}),M(C,"blur",N),M(C,"focus",Q),G.when&&G.when("mash").execute(function(e){e&&(M(e,"appPause",N),M(e,"appResume",Q))}),W[i]()&&(t=B||H()),R("$beforeunload",V),M("$beforePageTransition",V))});csa.plugin(function(e){var o,n,r="<ns>.Navigator.4",a=e.global,i=a.navigator||{},d=i.connection||{},c=a.Math.round,t=e("Events",{producerId:"csa"});function l(){o={network:{downlink:void 0,downlinkMax:void 0,rtt:void 0,type:void 0,effectiveType:void 0,saveData:void 0},language:void 0,doNotTrack:void 0,hardwareConcurrency:void 0,deviceMemory:void 0,cookieEnabled:void 0,webdriver:void 0},v(),o.language=i.language||null,o.doNotTrack=function(){switch(i.doNotTrack){case"1":return"enabled";case"0":return"disabled";case"unspecified":return i.doNotTrack;default:return null}}(),o.hardwareConcurrency="hardwareConcurrency"in i?c(i.hardwareConcurrency||0):null,o.deviceMemory="deviceMemory"in i?c(i.deviceMemory||0):null,o.cookieEnabled="cookieEnabled"in i?i.cookieEnabled:null,o.webdriver="webdriver"in i?i.webdriver:null}function u(){t("log",{network:(n={},Object.keys(o.network).forEach(function(e){n[e]=o.network[e]+""}),n),language:o.language,doNotTrack:o.doNotTrack,hardwareConcurrency:o.hardwareConcurrency,deviceMemory:o.deviceMemory,cookieEnabled:o.cookieEnabled,webdriver:o.webdriver,schemaId:r},{ent:{page:["pageType","subPageType","requestId"]}})}function v(){!function(n){Object.keys(o.network).forEach(function(e){o.network[e]=n[e]})}({downlink:"downlink"in d?c(d.downlink||0):null,downlinkMax:"downlinkMax"in d?c(d.downlinkMax||0):null,rtt:"rtt"in d?(d.rtt||0).toFixed():null,type:d.type||null,effectiveType:d.effectiveType||null,saveData:"saveData"in d?d.saveData:null})}function k(){v(),u()}function w(){l(),u()}l(),u(),e.on("$afterPageTransition",w),e.on(d,"change",k)});
if (window.ue && window.ue.uels) {
    ue.uels("https://c.amazon-adsystem.com/bao-csm/forensics/a9-tq-forensics-incremental.min.js");
}



}
/* ? */
</script>

</div>

<noscript>
    <img height="1" width="1" style='display:none;visibility:hidden;' src='//fls-eu.amazon.in/1/batch/1/OP/A21TJRUUN4KGV:262-1911976-2471830:BHPJXCXEQ08Q3G08SG3Z$uedata=s:%2Frd%2Fuedata%3Fnoscript%26id%3DBHPJXCXEQ08Q3G08SG3Z:0' alt=""/>
</noscript>

<script>window.ue && ue.count && ue.count('CSMLibrarySize', 57425)</script>
</div>
<!--       _
       .__(.)< (MEOW)
        \___)   
 ~~~~~~~~~~~~~~~~~~-->
<!-- sp:eh:6cbP4dAsAdfwlvYF1pWnBvnLwS78u8NnS5Ol4rcXua01p8UJ+PcRiga8gVRAK3i6atagzI2M8Bw2WEsJKE55kAgirav8Y1l8YsxYYgkKxhc52tlhD/56YazafLM= -->
<div id="a-popover-root" style="z-index:-1;position:absolute;"></div><iframe id="z75ee5ktcn" height="5px" width="5px" src="javascript:'1'" style="position: absolute; top: -10000px; left: -10000px; visibility: hidden; opacity: 0;"></iframe></body></html>]]>
  </system-out>
  <testcase name="windowhandles" time="8.046" classname="Testcases.assginment"/>
  <system-out>
    <![CDATA[CDwindow-89ACA05D9B59ADE4491631620B80CC56
CDwindow-89ACA05D9B59ADE4491631620B80CC56
CDwindow-C11B6ECB114015F0173A5EEFB442CA9B]]>
  </system-out>
  <testcase name="dropdownsss" time="8.646" classname="Testcases.assginment"/>
  <system-out>
    <![CDATA[day]]>
  </system-out>
  <testcase name="Scrolling" time="15.431" classname="Testcases.assginment"/>
  <system-out/>
</testsuite> <!-- Testcases.assginment -->
